  [1m[35m (209.3ms)[0m  [1m[35mCREATE DATABASE "kadai1_development" ENCODING = 'unicode'[0m
  ↳ bin/rails:9
  [1m[35m (105.4ms)[0m  [1m[35mCREATE DATABASE "kadai1_test" ENCODING = 'unicode'[0m
  ↳ bin/rails:9
  [1m[35m (16.2ms)[0m  [1m[35mCREATE TABLE "schema_migrations" ("version" character varying NOT NULL PRIMARY KEY)[0m
  ↳ bin/rails:9
  [1m[35m (5.2ms)[0m  [1m[35mCREATE TABLE "ar_internal_metadata" ("key" character varying NOT NULL PRIMARY KEY, "value" character varying, "created_at" timestamp NOT NULL, "updated_at" timestamp NOT NULL)[0m
  ↳ bin/rails:9
  [1m[35m (0.3ms)[0m  [1m[34mSELECT pg_try_advisory_lock(4484554839747264345)[0m
  ↳ bin/rails:9
  [1m[35m (0.4ms)[0m  [1m[34mSELECT "schema_migrations"."version" FROM "schema_migrations" ORDER BY "schema_migrations"."version" ASC[0m
  ↳ bin/rails:9
Migrating to CreateContacts (20200325130302)
  [1m[35m (0.2ms)[0m  [1m[35mBEGIN[0m
  ↳ bin/rails:9
  [1m[35m (8.8ms)[0m  [1m[35mCREATE TABLE "contacts" ("id" bigserial primary key, "name" character varying, "email" character varying, "contact" text)[0m
  ↳ db/migrate/20200325130302_create_contacts.rb:3
  [1m[36mActiveRecord::SchemaMigration Create (0.5ms)[0m  [1m[32mINSERT INTO "schema_migrations" ("version") VALUES ($1) RETURNING "version"[0m  [["version", "20200325130302"]]
  ↳ bin/rails:9
  [1m[35m (0.5ms)[0m  [1m[35mCOMMIT[0m
  ↳ bin/rails:9
  [1m[36mActiveRecord::InternalMetadata Load (0.6ms)[0m  [1m[34mSELECT  "ar_internal_metadata".* FROM "ar_internal_metadata" WHERE "ar_internal_metadata"."key" = $1 LIMIT $2[0m  [["key", "environment"], ["LIMIT", 1]]
  ↳ bin/rails:9
  [1m[35m (0.3ms)[0m  [1m[35mBEGIN[0m
  ↳ bin/rails:9
  [1m[36mActiveRecord::InternalMetadata Create (1.2ms)[0m  [1m[32mINSERT INTO "ar_internal_metadata" ("key", "value", "created_at", "updated_at") VALUES ($1, $2, $3, $4) RETURNING "key"[0m  [["key", "environment"], ["value", "development"], ["created_at", "2020-03-25 13:06:25.084470"], ["updated_at", "2020-03-25 13:06:25.084470"]]
  ↳ bin/rails:9
  [1m[35m (0.4ms)[0m  [1m[35mCOMMIT[0m
  ↳ bin/rails:9
  [1m[35m (0.3ms)[0m  [1m[34mSELECT pg_advisory_unlock(4484554839747264345)[0m
  ↳ bin/rails:9
  [1m[35m (2.1ms)[0m  [1m[34mSELECT "schema_migrations"."version" FROM "schema_migrations" ORDER BY "schema_migrations"."version" ASC[0m
  ↳ bin/rails:9
  [1m[35m (0.8ms)[0m  [1m[34mSELECT COUNT(*) FROM "contacts"[0m
  [1m[36mContact Load (0.4ms)[0m  [1m[34mSELECT  "contacts".* FROM "contacts" LIMIT $1[0m  [["LIMIT", 11]]
Started GET "/contacts/new" for ::1 at 2020-03-25 22:24:41 +0900
  [1m[35m (0.6ms)[0m  [1m[34mSELECT "schema_migrations"."version" FROM "schema_migrations" ORDER BY "schema_migrations"."version" ASC[0m
  ↳ /Users/apple/.rbenv/versions/2.6.5/lib/ruby/gems/2.6.0/gems/activerecord-5.2.4.2/lib/active_record/log_subscriber.rb:98
Processing by ContactsController#new as HTML
  Rendering contacts/new.html.erb within layouts/application
  Rendered contacts/new.html.erb within layouts/application (48.5ms)
Completed 200 OK in 684ms (Views: 670.4ms | ActiveRecord: 6.7ms)


Started GET "/contacts/new" for ::1 at 2020-03-25 22:26:14 +0900
Processing by ContactsController#new as HTML
  Rendering contacts/new.html.erb within layouts/application
  Rendered contacts/new.html.erb within layouts/application (4.5ms)
Completed 200 OK in 37ms (Views: 24.7ms | ActiveRecord: 3.1ms)


Started POST "/contacts" for ::1 at 2020-03-25 22:26:18 +0900
Processing by ContactsController#create as HTML
  Parameters: {"utf8"=>"✓", "authenticity_token"=>"PpgbpRt4MkfECxI0xKuaW6gV3wcOSQ+vy6gFZbYk6GRPR/yqPWrREWD6WR4N7imPR/oNEIZoSa8mwq09F6EdnQ==", "contact"=>{"Name"=>"", "Email"=>"", "Contact"=>""}, "commit"=>"Create Contact"}
No template found for ContactsController#create, rendering head :no_content
Completed 204 No Content in 39ms (ActiveRecord: 0.0ms)


Started GET "/contacts/new" for ::1 at 2020-03-25 22:26:21 +0900
Processing by ContactsController#new as HTML
  Rendering contacts/new.html.erb within layouts/application
  Rendered contacts/new.html.erb within layouts/application (3.1ms)
Completed 200 OK in 20ms (Views: 17.9ms | ActiveRecord: 0.0ms)


Started POST "/contacts" for ::1 at 2020-03-25 22:32:06 +0900
Processing by ContactsController#create as HTML
  Parameters: {"utf8"=>"✓", "authenticity_token"=>"+jEwH2Bk9vRy6zU0b/Twge0i7ePIvaDwgtsDYPMe4KqL7tcQRnYVotYafh6msUNVAs0/9ECc5vBvsas4UpsVUw==", "contact"=>{"Name"=>"吾輩はねこ", "Email"=>"iamacat@noname.co.jp", "Contact"=>"名前はまだない"}, "commit"=>"Create Contact"}
No template found for ContactsController#create, rendering head :no_content
Completed 204 No Content in 33ms (ActiveRecord: 0.0ms)


  [1m[36mContact Load (0.3ms)[0m  [1m[34mSELECT  "contacts".* FROM "contacts" LIMIT $1[0m  [["LIMIT", 11]]
  [1m[36mContact Load (0.5ms)[0m  [1m[34mSELECT  "contacts".* FROM "contacts" LIMIT $1[0m  [["LIMIT", 11]]
Started GET "/contacts/new" for ::1 at 2020-03-25 22:37:14 +0900
  [1m[35m (0.5ms)[0m  [1m[34mSELECT "schema_migrations"."version" FROM "schema_migrations" ORDER BY "schema_migrations"."version" ASC[0m
  ↳ /Users/apple/.rbenv/versions/2.6.5/lib/ruby/gems/2.6.0/gems/activerecord-5.2.4.2/lib/active_record/log_subscriber.rb:98
  
SyntaxError (/Users/apple/kadai1/app/controllers/contacts_controller.rb:6: syntax error, unexpected ')', expecting =>
..., contact[:contact][:contact] )
...                              ^):
  
app/controllers/contacts_controller.rb:6: syntax error, unexpected ')', expecting =>
Started GET "/contacts/new" for ::1 at 2020-03-25 22:41:20 +0900
Processing by ContactsController#new as HTML
  Rendering contacts/new.html.erb within layouts/application
  Rendered contacts/new.html.erb within layouts/application (15.9ms)
Completed 200 OK in 342ms (Views: 329.4ms | ActiveRecord: 5.5ms)


Started POST "/contacts" for ::1 at 2020-03-25 22:41:31 +0900
Processing by ContactsController#create as HTML
  Parameters: {"utf8"=>"✓", "authenticity_token"=>"mdoy5njB6ueMr2Z4e+uIsosq5QLvap9rFmwbIucZGjroBdXpXtMJsSheLVKyrjtmZMU3FWdL2Wv7BrN6Rpzvww==", "contact"=>{"name"=>"kjhfgf", "email"=>"sggg", "contact"=>"sgsgdsg"}, "commit"=>"Create Contact"}
  [1m[35m (0.4ms)[0m  [1m[35mBEGIN[0m
  ↳ app/controllers/contacts_controller.rb:6
  [1m[36mContact Create (3.9ms)[0m  [1m[32mINSERT INTO "contacts" ("contact") VALUES ($1) RETURNING "id"[0m  [["contact", "{\"name\"=>\"kjhfgf\", \"email\"=>\"sggg\", \"contact\"=>\"sgsgdsg\"}"]]
  ↳ app/controllers/contacts_controller.rb:6
  [1m[35m (1.3ms)[0m  [1m[35mCOMMIT[0m
  ↳ app/controllers/contacts_controller.rb:6
No template found for ContactsController#create, rendering head :no_content
Completed 204 No Content in 38ms (ActiveRecord: 5.6ms)


  [1m[36mContact Load (0.3ms)[0m  [1m[34mSELECT  "contacts".* FROM "contacts" LIMIT $1[0m  [["LIMIT", 11]]
  [1m[36mContact Load (1.2ms)[0m  [1m[34mSELECT  "contacts".* FROM "contacts" LIMIT $1[0m  [["LIMIT", 11]]
Started GET "/contacts/new" for ::1 at 2020-03-25 22:44:59 +0900
  [1m[35m (0.5ms)[0m  [1m[34mSELECT "schema_migrations"."version" FROM "schema_migrations" ORDER BY "schema_migrations"."version" ASC[0m
  ↳ /Users/apple/.rbenv/versions/2.6.5/lib/ruby/gems/2.6.0/gems/activerecord-5.2.4.2/lib/active_record/log_subscriber.rb:98
Processing by ContactsController#new as HTML
  Rendering contacts/new.html.erb within layouts/application
  Rendered contacts/new.html.erb within layouts/application (11.2ms)
Completed 200 OK in 287ms (Views: 252.5ms | ActiveRecord: 6.1ms)


Started POST "/contacts" for ::1 at 2020-03-25 22:45:15 +0900
Processing by ContactsController#create as HTML
  Parameters: {"utf8"=>"✓", "authenticity_token"=>"PAskIdqVYZWru2A3LSc/WSH3XWVy06sCUNLxoP+Fa+dN1MMu/IeCww9KKx3kYoyNzhiPcvry7QK9uFn4XgCeHg==", "contact"=>{"name"=>"samui", "email"=>"atui", "contact"=>"futuu"}, "commit"=>"Create Contact"}
  [1m[35m (0.2ms)[0m  [1m[35mBEGIN[0m
  ↳ app/controllers/contacts_controller.rb:6
  [1m[36mContact Create (0.8ms)[0m  [1m[32mINSERT INTO "contacts" ("name", "email", "contact") VALUES ($1, $2, $3) RETURNING "id"[0m  [["name", "samui"], ["email", "atui"], ["contact", "futuu"]]
  ↳ app/controllers/contacts_controller.rb:6
  [1m[35m (1.6ms)[0m  [1m[35mCOMMIT[0m
  ↳ app/controllers/contacts_controller.rb:6
No template found for ContactsController#create, rendering head :no_content
Completed 204 No Content in 41ms (ActiveRecord: 2.6ms)


  [1m[36mContact Load (0.4ms)[0m  [1m[34mSELECT  "contacts".* FROM "contacts" LIMIT $1[0m  [["LIMIT", 11]]
Started GET "/contacts/new" for ::1 at 2020-03-25 22:46:39 +0900
  [1m[35m (0.5ms)[0m  [1m[34mSELECT "schema_migrations"."version" FROM "schema_migrations" ORDER BY "schema_migrations"."version" ASC[0m
  ↳ /Users/apple/.rbenv/versions/2.6.5/lib/ruby/gems/2.6.0/gems/activerecord-5.2.4.2/lib/active_record/log_subscriber.rb:98
Processing by ContactsController#new as HTML
  Rendering contacts/new.html.erb within layouts/application
  Rendered contacts/new.html.erb within layouts/application (11.3ms)
Completed 200 OK in 258ms (Views: 221.1ms | ActiveRecord: 4.1ms)


Started POST "/contacts" for ::1 at 2020-03-25 22:46:45 +0900
Processing by ContactsController#create as HTML
  Parameters: {"utf8"=>"✓", "authenticity_token"=>"BGbFl8pTXRElke64yCAPk+I8+Bch6XyT4UsMAzz1pcF1uSKY7EG+R4FgpZIBZbxHDdMqAKnIOpMMIaRbnXBQOA==", "contact"=>{"name"=>"afaaf", "email"=>"afafa", "contact"=>"gdghrth"}, "commit"=>"Create Contact"}
  [1m[35m (0.2ms)[0m  [1m[35mBEGIN[0m
  ↳ app/controllers/contacts_controller.rb:6
  [1m[36mContact Create (0.6ms)[0m  [1m[32mINSERT INTO "contacts" ("name", "email", "contact") VALUES ($1, $2, $3) RETURNING "id"[0m  [["name", "afaaf"], ["email", "afafa"], ["contact", "gdghrth"]]
  ↳ app/controllers/contacts_controller.rb:6
  [1m[35m (0.5ms)[0m  [1m[35mCOMMIT[0m
  ↳ app/controllers/contacts_controller.rb:6
Completed 500 Internal Server Error in 227ms (ActiveRecord: 1.3ms)


  
NameError (undefined local variable or method `new_path' for #<ContactsController:0x00007feef7200e48>
Did you mean?  view_paths):
  
app/controllers/contacts_controller.rb:7:in `create'
Started POST "/contacts" for ::1 at 2020-03-25 22:47:01 +0900
Processing by ContactsController#create as HTML
  Parameters: {"utf8"=>"✓", "authenticity_token"=>"BGbFl8pTXRElke64yCAPk+I8+Bch6XyT4UsMAzz1pcF1uSKY7EG+R4FgpZIBZbxHDdMqAKnIOpMMIaRbnXBQOA==", "contact"=>{"name"=>"afaaf", "email"=>"afafa", "contact"=>"gdghrth"}, "commit"=>"Create Contact"}
  [1m[35m (0.2ms)[0m  [1m[35mBEGIN[0m
  ↳ app/controllers/contacts_controller.rb:6
  [1m[36mContact Create (0.4ms)[0m  [1m[32mINSERT INTO "contacts" ("name", "email", "contact") VALUES ($1, $2, $3) RETURNING "id"[0m  [["name", "afaaf"], ["email", "afafa"], ["contact", "gdghrth"]]
  ↳ app/controllers/contacts_controller.rb:6
  [1m[35m (0.4ms)[0m  [1m[35mCOMMIT[0m
  ↳ app/controllers/contacts_controller.rb:6
Completed 500 Internal Server Error in 237ms (ActiveRecord: 5.6ms)


  
NameError (undefined local variable or method `path_new' for #<ContactsController:0x00007feef5bbeb08>
Did you mean?  Pathname):
  
app/controllers/contacts_controller.rb:7:in `create'
Started POST "/contacts" for ::1 at 2020-03-25 22:47:04 +0900
Processing by ContactsController#create as HTML
  Parameters: {"utf8"=>"✓", "authenticity_token"=>"BGbFl8pTXRElke64yCAPk+I8+Bch6XyT4UsMAzz1pcF1uSKY7EG+R4FgpZIBZbxHDdMqAKnIOpMMIaRbnXBQOA==", "contact"=>{"name"=>"afaaf", "email"=>"afafa", "contact"=>"gdghrth"}, "commit"=>"Create Contact"}
  [1m[35m (1.6ms)[0m  [1m[35mBEGIN[0m
  ↳ app/controllers/contacts_controller.rb:6
  [1m[36mContact Create (0.6ms)[0m  [1m[32mINSERT INTO "contacts" ("name", "email", "contact") VALUES ($1, $2, $3) RETURNING "id"[0m  [["name", "afaaf"], ["email", "afafa"], ["contact", "gdghrth"]]
  ↳ app/controllers/contacts_controller.rb:6
  [1m[35m (1.1ms)[0m  [1m[35mCOMMIT[0m
  ↳ app/controllers/contacts_controller.rb:6
Completed 500 Internal Server Error in 185ms (ActiveRecord: 3.2ms)


  
NameError (undefined local variable or method `path_new' for #<ContactsController:0x00007feefb280e28>
Did you mean?  Pathname):
  
app/controllers/contacts_controller.rb:7:in `create'
Started POST "/contacts" for ::1 at 2020-03-25 22:48:01 +0900
Processing by ContactsController#create as HTML
  Parameters: {"utf8"=>"✓", "authenticity_token"=>"BGbFl8pTXRElke64yCAPk+I8+Bch6XyT4UsMAzz1pcF1uSKY7EG+R4FgpZIBZbxHDdMqAKnIOpMMIaRbnXBQOA==", "contact"=>{"name"=>"afaaf", "email"=>"afafa", "contact"=>"gdghrth"}, "commit"=>"Create Contact"}
  [1m[35m (0.2ms)[0m  [1m[35mBEGIN[0m
  ↳ app/controllers/contacts_controller.rb:6
  [1m[36mContact Create (0.4ms)[0m  [1m[32mINSERT INTO "contacts" ("name", "email", "contact") VALUES ($1, $2, $3) RETURNING "id"[0m  [["name", "afaaf"], ["email", "afafa"], ["contact", "gdghrth"]]
  ↳ app/controllers/contacts_controller.rb:6
  [1m[35m (0.4ms)[0m  [1m[35mCOMMIT[0m
  ↳ app/controllers/contacts_controller.rb:6
Redirected to http://localhost:3000/contacts/new
Completed 302 Found in 14ms (ActiveRecord: 4.7ms)


Started GET "/contacts/new" for ::1 at 2020-03-25 22:48:01 +0900
Processing by ContactsController#new as HTML
  Rendering contacts/new.html.erb within layouts/application
  Rendered contacts/new.html.erb within layouts/application (2.3ms)
Completed 200 OK in 23ms (Views: 21.7ms | ActiveRecord: 0.0ms)


Started POST "/contacts" for ::1 at 2020-03-25 22:48:08 +0900
Processing by ContactsController#create as HTML
  Parameters: {"utf8"=>"✓", "authenticity_token"=>"Pp8XmZp/f0wMSK7nYISOEvgqT7cyeAuhnu519YQXeHNPQPCWvG2cGqi55c2pwT3GF8WdoLpZTaFzhN2tJZKNig==", "contact"=>{"name"=>"asdfas", "email"=>"agfaaaerb", "contact"=>"htuejydjyj"}, "commit"=>"Create Contact"}
  [1m[35m (1.5ms)[0m  [1m[35mBEGIN[0m
  ↳ app/controllers/contacts_controller.rb:6
  [1m[36mContact Create (1.0ms)[0m  [1m[32mINSERT INTO "contacts" ("name", "email", "contact") VALUES ($1, $2, $3) RETURNING "id"[0m  [["name", "asdfas"], ["email", "agfaaaerb"], ["contact", "htuejydjyj"]]
  ↳ app/controllers/contacts_controller.rb:6
  [1m[35m (0.5ms)[0m  [1m[35mCOMMIT[0m
  ↳ app/controllers/contacts_controller.rb:6
Redirected to http://localhost:3000/contacts/new
Completed 302 Found in 7ms (ActiveRecord: 3.0ms)


Started GET "/contacts/new" for ::1 at 2020-03-25 22:48:08 +0900
Processing by ContactsController#new as HTML
  Rendering contacts/new.html.erb within layouts/application
  Rendered contacts/new.html.erb within layouts/application (2.4ms)
Completed 200 OK in 40ms (Views: 38.8ms | ActiveRecord: 0.0ms)


  [1m[36mContact Load (0.7ms)[0m  [1m[34mSELECT  "contacts".* FROM "contacts" LIMIT $1[0m  [["LIMIT", 11]]
Started POST "/contacts" for ::1 at 2020-03-25 23:00:47 +0900
  [1m[35m (0.7ms)[0m  [1m[34mSELECT "schema_migrations"."version" FROM "schema_migrations" ORDER BY "schema_migrations"."version" ASC[0m
  ↳ /Users/apple/.rbenv/versions/2.6.5/lib/ruby/gems/2.6.0/gems/activerecord-5.2.4.2/lib/active_record/log_subscriber.rb:98
Processing by ContactsController#create as HTML
  Parameters: {"utf8"=>"✓", "authenticity_token"=>"SZDfGDg38AGS2Qn9+C7x9ff7cciuoHQQ4Zg2adw4T+I4TzgXHiUTVzYoQtcxa0IhGBSj3yaBMhAM8p4xfb26Gw==", "contact"=>{"name"=>"afaaf", "email"=>"afafa", "contact"=>"gdghrth"}, "commit"=>"Create Contact"}
Completed 500 Internal Server Error in 7ms (ActiveRecord: 0.0ms)


  
SyntaxError (/Users/apple/kadai1/app/models/contact.rb:2: syntax error, unexpected tSYMBEG, expecting do or '{' or '('
  validates :name, presence :true
                            ^
/Users/apple/kadai1/app/models/contact.rb:3: syntax error, unexpected in, expecting '}'
...validates :cotnact, length:{ in 1..140 }
...                             ^~
/Users/apple/kadai1/app/models/contact.rb:3: syntax error, unexpected '}', expecting end
... :cotnact, length:{ in 1..140 }
...                              ^):
  
app/models/contact.rb:2: syntax error, unexpected tSYMBEG, expecting do or '{' or '('
app/models/contact.rb:3: syntax error, unexpected in, expecting '}'
app/models/contact.rb:3: syntax error, unexpected '}', expecting end
app/controllers/contacts_controller.rb:11:in `contact_params'
app/controllers/contacts_controller.rb:6:in `create'
Started POST "/contacts" for ::1 at 2020-03-25 23:00:52 +0900
Processing by ContactsController#create as HTML
  Parameters: {"utf8"=>"✓", "authenticity_token"=>"SZDfGDg38AGS2Qn9+C7x9ff7cciuoHQQ4Zg2adw4T+I4TzgXHiUTVzYoQtcxa0IhGBSj3yaBMhAM8p4xfb26Gw==", "contact"=>{"name"=>"asdfas", "email"=>"agfaaaerb", "contact"=>"htuejydjyj"}, "commit"=>"Create Contact"}
Completed 500 Internal Server Error in 21ms (ActiveRecord: 0.0ms)


  
SyntaxError (/Users/apple/kadai1/app/models/contact.rb:2: syntax error, unexpected tSYMBEG, expecting do or '{' or '('
  validates :name, presence :true
                            ^
/Users/apple/kadai1/app/models/contact.rb:3: syntax error, unexpected in, expecting '}'
...validates :cotnact, length:{ in 1..140 }
...                             ^~
/Users/apple/kadai1/app/models/contact.rb:3: syntax error, unexpected '}', expecting end
... :cotnact, length:{ in 1..140 }
...                              ^):
  
app/models/contact.rb:2: syntax error, unexpected tSYMBEG, expecting do or '{' or '('
app/models/contact.rb:3: syntax error, unexpected in, expecting '}'
app/models/contact.rb:3: syntax error, unexpected '}', expecting end
app/controllers/contacts_controller.rb:11:in `contact_params'
app/controllers/contacts_controller.rb:6:in `create'
Started GET "/contacts/new" for ::1 at 2020-03-25 23:02:25 +0900
Processing by ContactsController#new as HTML
Completed 500 Internal Server Error in 1ms (ActiveRecord: 0.0ms)


  
SyntaxError (/Users/apple/kadai1/app/models/contact.rb:3: syntax error, unexpected in, expecting '}'
...alidates :cotnact, length: { in 1..140 }
...                             ^~
/Users/apple/kadai1/app/models/contact.rb:3: syntax error, unexpected '}', expecting end
...:cotnact, length: { in 1..140 }
...                              ^):
  
app/models/contact.rb:3: syntax error, unexpected in, expecting '}'
app/models/contact.rb:3: syntax error, unexpected '}', expecting end
app/controllers/contacts_controller.rb:3:in `new'
Started GET "/contacts/new" for ::1 at 2020-03-25 23:03:31 +0900
Processing by ContactsController#new as HTML
Completed 500 Internal Server Error in 2ms (ActiveRecord: 0.0ms)


  
SyntaxError (/Users/apple/kadai1/app/models/contact.rb:3: syntax error, unexpected in, expecting '}'
...validates :cotnact, length: {in 1..140}
...                             ^~
/Users/apple/kadai1/app/models/contact.rb:3: syntax error, unexpected '}', expecting end
...s :cotnact, length: {in 1..140}
...                              ^):
  
app/models/contact.rb:3: syntax error, unexpected in, expecting '}'
app/models/contact.rb:3: syntax error, unexpected '}', expecting end
app/controllers/contacts_controller.rb:3:in `new'
Started GET "/contacts/new" for ::1 at 2020-03-25 23:04:00 +0900
Processing by ContactsController#new as HTML
  Rendering contacts/new.html.erb within layouts/application
  Rendered contacts/new.html.erb within layouts/application (8.6ms)
Completed 200 OK in 263ms (Views: 248.0ms | ActiveRecord: 5.0ms)


Started POST "/contacts" for ::1 at 2020-03-25 23:04:03 +0900
Processing by ContactsController#create as HTML
  Parameters: {"utf8"=>"✓", "authenticity_token"=>"U4cLG+XNglM7+/4CUZyMeW5oawCA0oF064+wNz4LIdwiWOwUw99hBZ8KtSiY2T+tgYe5Fwjzx3QG5Rhvn47UJQ==", "contact"=>{"name"=>"", "email"=>"", "contact"=>""}, "commit"=>"Create Contact"}
  [1m[35m (0.3ms)[0m  [1m[35mBEGIN[0m
  ↳ app/controllers/contacts_controller.rb:11
  [1m[35m (1.8ms)[0m  [1m[31mROLLBACK[0m
  ↳ app/controllers/contacts_controller.rb:11
Completed 500 Internal Server Error in 16ms (ActiveRecord: 2.1ms)


  
NoMethodError (undefined method `cotnact' for #<Contact id: nil, name: "", email: "", contact: "">
Did you mean?  contact):
  
app/controllers/contacts_controller.rb:11:in `contact_params'
app/controllers/contacts_controller.rb:6:in `create'
Started GET "/contacts/new" for ::1 at 2020-03-25 23:09:57 +0900
Processing by ContactsController#new as HTML
  Rendering contacts/new.html.erb within layouts/application
  Rendered contacts/new.html.erb within layouts/application (0.8ms)
Completed 500 Internal Server Error in 4ms (ActiveRecord: 0.0ms)


  
SyntaxError (/Users/apple/kadai1/app/views/contacts/new.html.erb:2: syntax error, unexpected ')', expecting then or ';' or '\n'
...end=( if @contact.errors.any? );@output_buffer.safe_append='
...                              ^
/Users/apple/kadai1/app/views/contacts/new.html.erb:23: syntax error, unexpected end, expecting ')'
'.freeze; end 
          ^~~
/Users/apple/kadai1/app/views/contacts/new.html.erb:25: syntax error, unexpected ensure, expecting ')'
          ensure
          ^~~~~~
/Users/apple/kadai1/app/views/contacts/new.html.erb:27: syntax error, unexpected end, expecting ')'
          end
          ^~~):
  
app/views/contacts/new.html.erb:2: syntax error, unexpected ')', expecting then or ';' or '\n'
app/views/contacts/new.html.erb:23: syntax error, unexpected end, expecting ')'
app/views/contacts/new.html.erb:25: syntax error, unexpected ensure, expecting ')'
app/views/contacts/new.html.erb:27: syntax error, unexpected end, expecting ')'
Started GET "/contacts/new" for ::1 at 2020-03-25 23:13:37 +0900
Processing by ContactsController#new as HTML
  Rendering contacts/new.html.erb within layouts/application
  Rendered contacts/new.html.erb within layouts/application (0.7ms)
Completed 500 Internal Server Error in 4ms (ActiveRecord: 0.0ms)


  
SyntaxError (/Users/apple/kadai1/app/views/contacts/new.html.erb:29: syntax error, unexpected end-of-input, expecting end):
  
app/views/contacts/new.html.erb:29: syntax error, unexpected end-of-input, expecting end
Started GET "/contacts/new" for ::1 at 2020-03-25 23:13:38 +0900
Processing by ContactsController#new as HTML
  Rendering contacts/new.html.erb within layouts/application
  Rendered contacts/new.html.erb within layouts/application (0.8ms)
Completed 500 Internal Server Error in 4ms (ActiveRecord: 0.0ms)


  
SyntaxError (/Users/apple/kadai1/app/views/contacts/new.html.erb:29: syntax error, unexpected end-of-input, expecting end):
  
app/views/contacts/new.html.erb:29: syntax error, unexpected end-of-input, expecting end
Started GET "/contacts/new" for ::1 at 2020-03-25 23:14:19 +0900
Processing by ContactsController#new as HTML
  Rendering contacts/new.html.erb within layouts/application
  Rendered contacts/new.html.erb within layouts/application (0.9ms)
Completed 500 Internal Server Error in 4ms (ActiveRecord: 0.0ms)


  
SyntaxError (/Users/apple/kadai1/app/views/contacts/new.html.erb:29: syntax error, unexpected end-of-input, expecting end):
  
app/views/contacts/new.html.erb:29: syntax error, unexpected end-of-input, expecting end
Started GET "/contacts/new" for ::1 at 2020-03-25 23:15:35 +0900
Processing by ContactsController#new as HTML
  Rendering contacts/new.html.erb within layouts/application
  Rendered contacts/new.html.erb within layouts/application (2.8ms)
Completed 200 OK in 20ms (Views: 18.0ms | ActiveRecord: 0.0ms)


Started POST "/contacts" for ::1 at 2020-03-25 23:15:40 +0900
Processing by ContactsController#create as HTML
  Parameters: {"utf8"=>"✓", "authenticity_token"=>"i/7wYyW0PgGv5Ct1M+hC6R1NnL3+uBoBDunAH0V3ccv6IRdsA6bdVwsVYF/6rfE98qJOqnaZXAHjg2hH5PKEMg==", "contact"=>{"name"=>"afaaf", "email"=>"afafa", "contact"=>"gdghrth"}, "commit"=>"Create Contact"}
  [1m[35m (0.2ms)[0m  [1m[35mBEGIN[0m
  ↳ app/controllers/contacts_controller.rb:11
  [1m[35m (0.2ms)[0m  [1m[31mROLLBACK[0m
  ↳ app/controllers/contacts_controller.rb:11
Completed 500 Internal Server Error in 11ms (ActiveRecord: 0.4ms)


  
NoMethodError (undefined method `cotnact' for #<Contact:0x00007fbea0c1b090>
Did you mean?  contact):
  
app/controllers/contacts_controller.rb:11:in `contact_params'
app/controllers/contacts_controller.rb:6:in `create'
Started POST "/contacts" for ::1 at 2020-03-25 23:17:24 +0900
Processing by ContactsController#create as HTML
  Parameters: {"utf8"=>"✓", "authenticity_token"=>"i/7wYyW0PgGv5Ct1M+hC6R1NnL3+uBoBDunAH0V3ccv6IRdsA6bdVwsVYF/6rfE98qJOqnaZXAHjg2hH5PKEMg==", "contact"=>{"name"=>"", "email"=>"", "contact"=>"gdghrth"}, "commit"=>"Create Contact"}
  [1m[35m (0.3ms)[0m  [1m[35mBEGIN[0m
  ↳ app/controllers/contacts_controller.rb:11
  [1m[35m (0.3ms)[0m  [1m[31mROLLBACK[0m
  ↳ app/controllers/contacts_controller.rb:11
Completed 500 Internal Server Error in 12ms (ActiveRecord: 0.6ms)


  
NoMethodError (undefined method `cotnact' for #<Contact id: nil, name: "", email: "", contact: "gdghrth">
Did you mean?  contact):
  
app/controllers/contacts_controller.rb:11:in `contact_params'
app/controllers/contacts_controller.rb:6:in `create'
Started POST "/contacts" for ::1 at 2020-03-25 23:19:02 +0900
Processing by ContactsController#create as HTML
  Parameters: {"utf8"=>"✓", "authenticity_token"=>"i/7wYyW0PgGv5Ct1M+hC6R1NnL3+uBoBDunAH0V3ccv6IRdsA6bdVwsVYF/6rfE98qJOqnaZXAHjg2hH5PKEMg==", "contact"=>{"name"=>"", "email"=>"", "contact"=>""}, "commit"=>"Create Contact"}
  [1m[35m (0.2ms)[0m  [1m[35mBEGIN[0m
  ↳ app/controllers/contacts_controller.rb:6
  [1m[35m (0.2ms)[0m  [1m[31mROLLBACK[0m
  ↳ app/controllers/contacts_controller.rb:6
Completed 500 Internal Server Error in 22ms (ActiveRecord: 8.6ms)


  
NoMethodError (undefined method `cotnact' for #<Contact id: nil, name: "", email: "", contact: "">
Did you mean?  contact):
  
app/controllers/contacts_controller.rb:6:in `create'
Started POST "/contacts" for ::1 at 2020-03-25 23:20:11 +0900
Processing by ContactsController#create as HTML
  Parameters: {"utf8"=>"✓", "authenticity_token"=>"i/7wYyW0PgGv5Ct1M+hC6R1NnL3+uBoBDunAH0V3ccv6IRdsA6bdVwsVYF/6rfE98qJOqnaZXAHjg2hH5PKEMg==", "contact"=>{"name"=>"asdfas", "email"=>"atui", "contact"=>"gdghrth"}, "commit"=>"Create Contact"}
  [1m[35m (2.2ms)[0m  [1m[35mBEGIN[0m
  ↳ app/controllers/contacts_controller.rb:6
  [1m[35m (0.2ms)[0m  [1m[31mROLLBACK[0m
  ↳ app/controllers/contacts_controller.rb:6
Completed 500 Internal Server Error in 12ms (ActiveRecord: 2.4ms)


  
NoMethodError (undefined method `cotnact' for #<Contact:0x00007fbea0d94a70>
Did you mean?  contact):
  
app/controllers/contacts_controller.rb:6:in `create'
Started POST "/contacts" for ::1 at 2020-03-25 23:21:51 +0900
Processing by ContactsController#create as HTML
  Parameters: {"utf8"=>"✓", "authenticity_token"=>"i/7wYyW0PgGv5Ct1M+hC6R1NnL3+uBoBDunAH0V3ccv6IRdsA6bdVwsVYF/6rfE98qJOqnaZXAHjg2hH5PKEMg==", "contact"=>{"name"=>"asdfas", "email"=>"atui", "contact"=>"gdghrth"}, "commit"=>"Create Contact"}
  [1m[35m (0.2ms)[0m  [1m[35mBEGIN[0m
  ↳ app/controllers/contacts_controller.rb:6
  [1m[35m (0.2ms)[0m  [1m[31mROLLBACK[0m
  ↳ app/controllers/contacts_controller.rb:6
Completed 500 Internal Server Error in 10ms (ActiveRecord: 0.4ms)


  
NoMethodError (undefined method `cotnact' for #<Contact:0x00007fbea0dcbe30>
Did you mean?  contact):
  
app/controllers/contacts_controller.rb:6:in `create'
Started POST "/contacts" for ::1 at 2020-03-25 23:21:59 +0900
Processing by ContactsController#create as HTML
  Parameters: {"utf8"=>"✓", "authenticity_token"=>"i/7wYyW0PgGv5Ct1M+hC6R1NnL3+uBoBDunAH0V3ccv6IRdsA6bdVwsVYF/6rfE98qJOqnaZXAHjg2hH5PKEMg==", "contact"=>{"name"=>"asdfas", "email"=>"atui", "contact"=>"gdghrth"}, "commit"=>"Create Contact"}
  [1m[35m (1.8ms)[0m  [1m[35mBEGIN[0m
  ↳ app/controllers/contacts_controller.rb:6
  [1m[35m (0.2ms)[0m  [1m[31mROLLBACK[0m
  ↳ app/controllers/contacts_controller.rb:6
Completed 500 Internal Server Error in 13ms (ActiveRecord: 2.1ms)


  
NoMethodError (undefined method `cotnact' for #<Contact:0x00007fbea4458cc8>
Did you mean?  contact):
  
app/controllers/contacts_controller.rb:6:in `create'
Started GET "/contacts/new" for ::1 at 2020-03-25 23:24:40 +0900
  [1m[35m (0.8ms)[0m  [1m[34mSELECT "schema_migrations"."version" FROM "schema_migrations" ORDER BY "schema_migrations"."version" ASC[0m
  ↳ /Users/apple/.rbenv/versions/2.6.5/lib/ruby/gems/2.6.0/gems/activerecord-5.2.4.2/lib/active_record/log_subscriber.rb:98
Processing by ContactsController#new as HTML
  Rendering contacts/new.html.erb within layouts/application
  Rendered contacts/new.html.erb within layouts/application (13.4ms)
Completed 200 OK in 243ms (Views: 213.0ms | ActiveRecord: 4.1ms)


Started POST "/contacts" for ::1 at 2020-03-25 23:24:49 +0900
Processing by ContactsController#create as HTML
  Parameters: {"utf8"=>"✓", "authenticity_token"=>"hSrZMl0GicIAd9FUSmfSexbrHhIcolOfxmPWgiCHMtv09T49exRqlKSGmn6DImGv+QTMBZSDFZ8rCX7agQLHIg==", "contact"=>{"name"=>"afffff", "email"=>"ffffa", "contact"=>"aaaaaaaaa"}, "commit"=>"Create Contact"}
  [1m[35m (0.7ms)[0m  [1m[35mBEGIN[0m
  ↳ app/controllers/contacts_controller.rb:6
  [1m[35m (1.5ms)[0m  [1m[31mROLLBACK[0m
  ↳ app/controllers/contacts_controller.rb:6
Completed 500 Internal Server Error in 13ms (ActiveRecord: 2.2ms)


  
NoMethodError (undefined method `cotnact' for #<Contact:0x00007fa28fb397d0>
Did you mean?  contact):
  
app/controllers/contacts_controller.rb:6:in `create'
Started POST "/contacts" for ::1 at 2020-03-25 23:26:13 +0900
Processing by ContactsController#create as HTML
  Parameters: {"utf8"=>"✓", "authenticity_token"=>"hSrZMl0GicIAd9FUSmfSexbrHhIcolOfxmPWgiCHMtv09T49exRqlKSGmn6DImGv+QTMBZSDFZ8rCX7agQLHIg==", "contact"=>{"name"=>"afffff", "email"=>"ffffa", "contact"=>"aaaaaaaaa"}, "commit"=>"Create Contact"}
  [1m[35m (0.2ms)[0m  [1m[35mBEGIN[0m
  ↳ app/controllers/contacts_controller.rb:6
  [1m[35m (0.2ms)[0m  [1m[31mROLLBACK[0m
  ↳ app/controllers/contacts_controller.rb:6
Completed 500 Internal Server Error in 18ms (ActiveRecord: 3.6ms)


  
NoMethodError (undefined method `cotnact' for #<Contact:0x00007fa28e582c70>
Did you mean?  contact):
  
app/controllers/contacts_controller.rb:6:in `create'
Started GET "/contacts/new" for ::1 at 2020-03-25 23:28:10 +0900
Processing by ContactsController#new as HTML
  Rendering contacts/new.html.erb within layouts/application
  Rendered contacts/new.html.erb within layouts/application (3.0ms)
Completed 200 OK in 27ms (Views: 15.5ms | ActiveRecord: 3.7ms)


Started POST "/contacts" for ::1 at 2020-03-25 23:28:16 +0900
Processing by ContactsController#create as HTML
  Parameters: {"utf8"=>"✓", "authenticity_token"=>"QL88ITowqCdaTWCbl529TuoItC5mrdmWoXC+r47tNFgxYNsuHCJLcf68K7Fe2A6aBedmOe6Mn5ZMGhb3L2jBoQ==", "contact"=>{"name"=>"afaaf", "email"=>"aff", "contact"=>"ga"}, "commit"=>"Create Contact"}
Redirected to http://localhost:3000/contacts/new
Completed 302 Found in 1ms (ActiveRecord: 0.0ms)


Started GET "/contacts/new" for ::1 at 2020-03-25 23:28:16 +0900
Processing by ContactsController#new as HTML
  Rendering contacts/new.html.erb within layouts/application
  Rendered contacts/new.html.erb within layouts/application (2.4ms)
Completed 200 OK in 18ms (Views: 16.9ms | ActiveRecord: 0.0ms)


Started POST "/contacts" for ::1 at 2020-03-25 23:28:19 +0900
Processing by ContactsController#create as HTML
  Parameters: {"utf8"=>"✓", "authenticity_token"=>"rwG2kfHvrO64mhRi2XOY21RQ5aH4/kPkphtI2RIk/YLe3lGe1/1PuBxrX0gQNisPu783tnDfBeRLceCBs6EIew==", "contact"=>{"name"=>"", "email"=>"", "contact"=>""}, "commit"=>"Create Contact"}
Redirected to http://localhost:3000/contacts/new
Completed 302 Found in 1ms (ActiveRecord: 0.0ms)


Started GET "/contacts/new" for ::1 at 2020-03-25 23:28:19 +0900
Processing by ContactsController#new as HTML
  Rendering contacts/new.html.erb within layouts/application
  Rendered contacts/new.html.erb within layouts/application (2.9ms)
Completed 200 OK in 20ms (Views: 18.2ms | ActiveRecord: 0.0ms)


Started POST "/contacts" for ::1 at 2020-03-25 23:28:20 +0900
Processing by ContactsController#create as HTML
  Parameters: {"utf8"=>"✓", "authenticity_token"=>"FUFG0vs+bM0ZE+DbXJep9B8515+3dDzXdU7SRbGRsQRknqHd3SyPm73iq/GV0hog8NYFiD9VeteYJHodEBRE/Q==", "contact"=>{"name"=>"", "email"=>"", "contact"=>""}, "commit"=>"Create Contact"}
Redirected to http://localhost:3000/contacts/new
Completed 302 Found in 1ms (ActiveRecord: 0.0ms)


Started GET "/contacts/new" for ::1 at 2020-03-25 23:28:20 +0900
Processing by ContactsController#new as HTML
  Rendering contacts/new.html.erb within layouts/application
  Rendered contacts/new.html.erb within layouts/application (3.5ms)
Completed 200 OK in 18ms (Views: 16.8ms | ActiveRecord: 0.0ms)


Started POST "/contacts" for ::1 at 2020-03-25 23:42:49 +0900
  
SyntaxError (/Users/apple/kadai1/app/controllers/contacts_controller.rb:16: syntax error, unexpected end-of-input, expecting end):
  
app/controllers/contacts_controller.rb:16: syntax error, unexpected end-of-input, expecting end
Started POST "/contacts" for ::1 at 2020-03-25 23:43:33 +0900
Processing by ContactsController#create as HTML
  Parameters: {"utf8"=>"✓", "authenticity_token"=>"bQJCgXyRfDxnI3Czj+r0qwHznplq1+DIyKC8ChZevbMc3aWOWoOfasPSO5lGr0d/7hxMjuL2psglyhRSt9tISg==", "contact"=>{"name"=>"", "email"=>"afafa", "contact"=>""}, "commit"=>"Create Contact"}
  [1m[35m (0.2ms)[0m  [1m[35mBEGIN[0m
  ↳ app/controllers/contacts_controller.rb:15
  [1m[35m (0.2ms)[0m  [1m[31mROLLBACK[0m
  ↳ app/controllers/contacts_controller.rb:15
Completed 500 Internal Server Error in 16ms (ActiveRecord: 7.5ms)


  
ArgumentError (When assigning attributes, you must pass a hash as an argument.):
  
app/controllers/contacts_controller.rb:6:in `create'
Started POST "/contacts" for ::1 at 2020-03-25 23:43:47 +0900
Processing by ContactsController#create as HTML
  Parameters: {"utf8"=>"✓", "authenticity_token"=>"bQJCgXyRfDxnI3Czj+r0qwHznplq1+DIyKC8ChZevbMc3aWOWoOfasPSO5lGr0d/7hxMjuL2psglyhRSt9tISg==", "contact"=>{"name"=>"", "email"=>"afafa", "contact"=>""}, "commit"=>"Create Contact"}
  [1m[35m (0.2ms)[0m  [1m[35mBEGIN[0m
  ↳ app/controllers/contacts_controller.rb:15
  [1m[35m (0.2ms)[0m  [1m[31mROLLBACK[0m
  ↳ app/controllers/contacts_controller.rb:15
Completed 500 Internal Server Error in 5ms (ActiveRecord: 0.4ms)


  
ArgumentError (When assigning attributes, you must pass a hash as an argument.):
  
app/controllers/contacts_controller.rb:6:in `create'
Started GET "/contacts/new" for ::1 at 2020-03-25 23:45:20 +0900
Processing by ContactsController#new as HTML
  Rendering contacts/new.html.erb within layouts/application
  Rendered contacts/new.html.erb within layouts/application (3.5ms)
Completed 200 OK in 51ms (Views: 37.9ms | ActiveRecord: 4.5ms)


Started POST "/contacts" for ::1 at 2020-03-25 23:45:22 +0900
Processing by ContactsController#create as HTML
  Parameters: {"utf8"=>"✓", "authenticity_token"=>"ayWDJMANLtfS6Wauyp+OBW0iI/4udZOEd8nvaJPK1xwa+mQr5h/NgXYYLYQD2j3Rgs3x6aZU1YSao0cwMk8i5Q==", "contact"=>{"name"=>"", "email"=>"", "contact"=>""}, "commit"=>"Create Contact"}
  [1m[35m (1.0ms)[0m  [1m[35mBEGIN[0m
  ↳ app/controllers/contacts_controller.rb:15
  [1m[35m (0.2ms)[0m  [1m[31mROLLBACK[0m
  ↳ app/controllers/contacts_controller.rb:15
  [1m[35m (0.2ms)[0m  [1m[35mBEGIN[0m
  ↳ app/controllers/contacts_controller.rb:7
  [1m[35m (0.2ms)[0m  [1m[31mROLLBACK[0m
  ↳ app/controllers/contacts_controller.rb:7
Completed 500 Internal Server Error in 123ms (ActiveRecord: 1.6ms)


  
NoMethodError (undefined method `rendar' for #<ContactsController:0x00007fa28fb52898>
Did you mean?  render):
  
app/controllers/contacts_controller.rb:10:in `create'
Started POST "/contacts" for ::1 at 2020-03-25 23:45:34 +0900
Processing by ContactsController#create as HTML
  Parameters: {"utf8"=>"✓", "authenticity_token"=>"ayWDJMANLtfS6Wauyp+OBW0iI/4udZOEd8nvaJPK1xwa+mQr5h/NgXYYLYQD2j3Rgs3x6aZU1YSao0cwMk8i5Q==", "contact"=>{"name"=>"", "email"=>"", "contact"=>""}, "commit"=>"Create Contact"}
  [1m[35m (1.6ms)[0m  [1m[35mBEGIN[0m
  ↳ app/controllers/contacts_controller.rb:15
  [1m[35m (0.2ms)[0m  [1m[31mROLLBACK[0m
  ↳ app/controllers/contacts_controller.rb:15
  [1m[35m (0.1ms)[0m  [1m[35mBEGIN[0m
  ↳ app/controllers/contacts_controller.rb:7
  [1m[35m (0.1ms)[0m  [1m[31mROLLBACK[0m
  ↳ app/controllers/contacts_controller.rb:7
  Rendering contacts/new.html.erb within layouts/application
  Rendered contacts/new.html.erb within layouts/application (3.3ms)
Completed 500 Internal Server Error in 21ms (ActiveRecord: 4.9ms)


  
ActionView::Template::Error (undefined method `errors' for nil:NilClass):
    1: <%= form_with(model: @contact, local:true) do |form| %>
    2:   <% if @contact.errors.any? %>
    3:     <div id="error_explanation">
    4:       <h2><%= @contact.errors.count %>件のエラーです。</h2>
    5:       <ul>
  
app/views/contacts/new.html.erb:2:in `block in _app_views_contacts_new_html_erb___3982861987085322765_70168106762440'
app/views/contacts/new.html.erb:1:in `_app_views_contacts_new_html_erb___3982861987085322765_70168106762440'
app/controllers/contacts_controller.rb:10:in `create'
Started POST "/contacts" for ::1 at 2020-03-25 23:46:00 +0900
Processing by ContactsController#create as HTML
  Parameters: {"utf8"=>"✓", "authenticity_token"=>"ayWDJMANLtfS6Wauyp+OBW0iI/4udZOEd8nvaJPK1xwa+mQr5h/NgXYYLYQD2j3Rgs3x6aZU1YSao0cwMk8i5Q==", "contact"=>{"name"=>"", "email"=>"", "contact"=>""}, "commit"=>"Create Contact"}
  [1m[35m (0.2ms)[0m  [1m[35mBEGIN[0m
  ↳ app/controllers/contacts_controller.rb:15
  [1m[35m (0.2ms)[0m  [1m[31mROLLBACK[0m
  ↳ app/controllers/contacts_controller.rb:15
  [1m[35m (0.2ms)[0m  [1m[35mBEGIN[0m
  ↳ app/controllers/contacts_controller.rb:7
  [1m[35m (0.2ms)[0m  [1m[31mROLLBACK[0m
  ↳ app/controllers/contacts_controller.rb:7
  Rendering contacts/new.html.erb within layouts/application
  Rendered contacts/new.html.erb within layouts/application (2.7ms)
Completed 200 OK in 36ms (Views: 21.1ms | ActiveRecord: 3.8ms)


Started POST "/contacts" for ::1 at 2020-03-25 23:46:10 +0900
Processing by ContactsController#create as HTML
  Parameters: {"utf8"=>"✓", "authenticity_token"=>"AeTVnTrPumkX6mJ72q89KEim8rVJ1fbnXUirsEec9WpwOzKSHN1ZP7MbKVET6o78p0kgosH0sOewIgPo5hkAkw==", "contact"=>{"name"=>"affa", "email"=>"aff", "contact"=>"afaf"}, "commit"=>"Create Contact"}
  [1m[35m (1.4ms)[0m  [1m[35mBEGIN[0m
  ↳ app/controllers/contacts_controller.rb:15
  [1m[36mContact Create (1.0ms)[0m  [1m[32mINSERT INTO "contacts" ("name", "email", "contact") VALUES ($1, $2, $3) RETURNING "id"[0m  [["name", "affa"], ["email", "aff"], ["contact", "afaf"]]
  ↳ app/controllers/contacts_controller.rb:15
  [1m[35m (0.7ms)[0m  [1m[35mCOMMIT[0m
  ↳ app/controllers/contacts_controller.rb:15
  [1m[35m (0.2ms)[0m  [1m[35mBEGIN[0m
  ↳ app/controllers/contacts_controller.rb:7
  [1m[35m (0.2ms)[0m  [1m[35mCOMMIT[0m
  ↳ app/controllers/contacts_controller.rb:7
Redirected to http://localhost:3000/contacts/new
Completed 302 Found in 9ms (ActiveRecord: 3.4ms)


Started GET "/contacts/new" for ::1 at 2020-03-25 23:46:10 +0900
Processing by ContactsController#new as HTML
  Rendering contacts/new.html.erb within layouts/application
  Rendered contacts/new.html.erb within layouts/application (2.5ms)
Completed 200 OK in 20ms (Views: 18.9ms | ActiveRecord: 0.0ms)


Started POST "/contacts" for ::1 at 2020-03-25 23:46:23 +0900
Processing by ContactsController#create as HTML
  Parameters: {"utf8"=>"✓", "authenticity_token"=>"dWgFdBkaftpxZjmTQ2yf8s3FAitHFnNQWUQovgIdIzUEt+J7PwidjNWXcrmKKSwmIirQPM83NVC0LoDmo5jWzA==", "contact"=>{"name"=>"", "email"=>"", "contact"=>"ddddddddddddddddddddddddddddddddddddddddddddddddddddddddddddddddddddddddddddddddddd"}, "commit"=>"Create Contact"}
  [1m[35m (1.6ms)[0m  [1m[35mBEGIN[0m
  ↳ app/controllers/contacts_controller.rb:15
  [1m[35m (0.2ms)[0m  [1m[31mROLLBACK[0m
  ↳ app/controllers/contacts_controller.rb:15
  [1m[35m (0.2ms)[0m  [1m[35mBEGIN[0m
  ↳ app/controllers/contacts_controller.rb:7
  [1m[35m (0.2ms)[0m  [1m[31mROLLBACK[0m
  ↳ app/controllers/contacts_controller.rb:7
  Rendering contacts/new.html.erb within layouts/application
  Rendered contacts/new.html.erb within layouts/application (3.7ms)
Completed 200 OK in 27ms (Views: 19.1ms | ActiveRecord: 2.2ms)


Started POST "/contacts" for ::1 at 2020-03-25 23:46:59 +0900
Processing by ContactsController#create as HTML
  Parameters: {"utf8"=>"✓", "authenticity_token"=>"yyabiyW0wxALtIS14E7W2dz7urasLh+0suNtnyWRlPu6+XyEA6YgRq9Fz58pC2UNMxRooSQPWbRficXHhBRhAg==", "contact"=>{"name"=>"っっd", "email"=>"", "contact"=>"亜sfさっファdfdfがsdgsdgsdfgsdgdfsgsdgdsdsgdsgdsgdsgdfsgdfsっgsdfgsdgdgdfgdksdgdks5sjg子sdkspkd御dgksぽjhgdフォgsjghsd位gdsjg性おgjdgjそgじょdgjpそghjsdjghspjh"}, "commit"=>"Create Contact"}
  [1m[35m (1.0ms)[0m  [1m[35mBEGIN[0m
  ↳ app/controllers/contacts_controller.rb:15
  [1m[36mContact Create (0.5ms)[0m  [1m[32mINSERT INTO "contacts" ("name", "email", "contact") VALUES ($1, $2, $3) RETURNING "id"[0m  [["name", "っっd"], ["email", ""], ["contact", "亜sfさっファdfdfがsdgsdgsdfgsdgdfsgsdgdsdsgdsgdsgdsgdfsgdfsっgsdfgsdgdgdfgdksdgdks5sjg子sdkspkd御dgksぽjhgdフォgsjghsd位gdsjg性おgjdgjそgじょdgjpそghjsdjghspjh"]]
  ↳ app/controllers/contacts_controller.rb:15
  [1m[35m (0.4ms)[0m  [1m[35mCOMMIT[0m
  ↳ app/controllers/contacts_controller.rb:15
  [1m[35m (0.2ms)[0m  [1m[35mBEGIN[0m
  ↳ app/controllers/contacts_controller.rb:7
  [1m[35m (0.1ms)[0m  [1m[35mCOMMIT[0m
  ↳ app/controllers/contacts_controller.rb:7
Redirected to http://localhost:3000/contacts/new
Completed 302 Found in 6ms (ActiveRecord: 2.2ms)


Started GET "/contacts/new" for ::1 at 2020-03-25 23:46:59 +0900
Processing by ContactsController#new as HTML
  Rendering contacts/new.html.erb within layouts/application
  Rendered contacts/new.html.erb within layouts/application (2.6ms)
Completed 200 OK in 37ms (Views: 35.2ms | ActiveRecord: 0.0ms)


Started POST "/contacts" for ::1 at 2020-03-25 23:47:50 +0900
Processing by ContactsController#create as HTML
  Parameters: {"utf8"=>"✓", "authenticity_token"=>"oSKD96kOjkPU591c6mI4fhol6Q4Crcu6/Y9XHCHdf0vQ/WT4jxxtFXAWlnYjJ4uq9co7GYqMjboQ5f9EgFiKsg==", "contact"=>{"name"=>"", "email"=>"", "contact"=>"というエラーが出た。puts の「s」が抜けていたんである1。  レシーバーは Object クラスのインスタンスである main だ，と言っているが，main て何だ？  main は「トップレベル」における self のこと。  トップレベルというのは，平たく言えばスクリプトのいちばん上位，つまりクラス定義・モジュール定義・メソッド定義やブロックなどの外のこと2。  Ruby のメソッドには必ずレシーバーがある。レシーバーをあらわに書かずにメソッドを呼び出したときは self がレシーバーとなる。 クラス定義の中ではそのクラス自身が self だし，メソッド定義の中ではそのメソッドのレシーバーが self だ。  main は Object のインスタンスであるため，Object に定義されたメソッドはすべて呼び出せる。  puts は Object クラスに include されている Kernel モジュールで定義されているので，どんな場所で"}, "commit"=>"Create Contact"}
  [1m[35m (0.2ms)[0m  [1m[35mBEGIN[0m
  ↳ app/controllers/contacts_controller.rb:15
  [1m[35m (0.3ms)[0m  [1m[31mROLLBACK[0m
  ↳ app/controllers/contacts_controller.rb:15
  [1m[35m (0.2ms)[0m  [1m[35mBEGIN[0m
  ↳ app/controllers/contacts_controller.rb:7
  [1m[35m (0.2ms)[0m  [1m[31mROLLBACK[0m
  ↳ app/controllers/contacts_controller.rb:7
  Rendering contacts/new.html.erb within layouts/application
  Rendered contacts/new.html.erb within layouts/application (2.7ms)
Completed 200 OK in 33ms (Views: 26.1ms | ActiveRecord: 0.9ms)


Started GET "/contacts" for ::1 at 2020-03-25 23:49:50 +0900
  
AbstractController::ActionNotFound (The action 'index' could not be found for ContactsController):
  
actionpack (5.2.4.2) lib/abstract_controller/base.rb:129:in `process'
actionview (5.2.4.2) lib/action_view/rendering.rb:32:in `process'
actionpack (5.2.4.2) lib/action_controller/metal.rb:191:in `dispatch'
actionpack (5.2.4.2) lib/action_controller/metal.rb:252:in `dispatch'
actionpack (5.2.4.2) lib/action_dispatch/routing/route_set.rb:52:in `dispatch'
actionpack (5.2.4.2) lib/action_dispatch/routing/route_set.rb:34:in `serve'
actionpack (5.2.4.2) lib/action_dispatch/journey/router.rb:52:in `block in serve'
actionpack (5.2.4.2) lib/action_dispatch/journey/router.rb:35:in `each'
actionpack (5.2.4.2) lib/action_dispatch/journey/router.rb:35:in `serve'
actionpack (5.2.4.2) lib/action_dispatch/routing/route_set.rb:840:in `call'
rack (2.2.2) lib/rack/tempfile_reaper.rb:15:in `call'
rack (2.2.2) lib/rack/etag.rb:27:in `call'
rack (2.2.2) lib/rack/conditional_get.rb:27:in `call'
rack (2.2.2) lib/rack/head.rb:12:in `call'
actionpack (5.2.4.2) lib/action_dispatch/http/content_security_policy.rb:18:in `call'
rack (2.2.2) lib/rack/session/abstract/id.rb:266:in `context'
rack (2.2.2) lib/rack/session/abstract/id.rb:260:in `call'
actionpack (5.2.4.2) lib/action_dispatch/middleware/cookies.rb:670:in `call'
activerecord (5.2.4.2) lib/active_record/migration.rb:559:in `call'
actionpack (5.2.4.2) lib/action_dispatch/middleware/callbacks.rb:28:in `block in call'
activesupport (5.2.4.2) lib/active_support/callbacks.rb:98:in `run_callbacks'
actionpack (5.2.4.2) lib/action_dispatch/middleware/callbacks.rb:26:in `call'
actionpack (5.2.4.2) lib/action_dispatch/middleware/executor.rb:14:in `call'
actionpack (5.2.4.2) lib/action_dispatch/middleware/debug_exceptions.rb:61:in `call'
web-console (3.7.0) lib/web_console/middleware.rb:135:in `call_app'
web-console (3.7.0) lib/web_console/middleware.rb:30:in `block in call'
web-console (3.7.0) lib/web_console/middleware.rb:20:in `catch'
web-console (3.7.0) lib/web_console/middleware.rb:20:in `call'
actionpack (5.2.4.2) lib/action_dispatch/middleware/show_exceptions.rb:33:in `call'
railties (5.2.4.2) lib/rails/rack/logger.rb:38:in `call_app'
railties (5.2.4.2) lib/rails/rack/logger.rb:26:in `block in call'
activesupport (5.2.4.2) lib/active_support/tagged_logging.rb:71:in `block in tagged'
activesupport (5.2.4.2) lib/active_support/tagged_logging.rb:28:in `tagged'
activesupport (5.2.4.2) lib/active_support/tagged_logging.rb:71:in `tagged'
railties (5.2.4.2) lib/rails/rack/logger.rb:26:in `call'
sprockets-rails (3.2.1) lib/sprockets/rails/quiet_assets.rb:13:in `call'
actionpack (5.2.4.2) lib/action_dispatch/middleware/remote_ip.rb:81:in `call'
actionpack (5.2.4.2) lib/action_dispatch/middleware/request_id.rb:27:in `call'
rack (2.2.2) lib/rack/method_override.rb:24:in `call'
rack (2.2.2) lib/rack/runtime.rb:22:in `call'
activesupport (5.2.4.2) lib/active_support/cache/strategy/local_cache_middleware.rb:29:in `call'
actionpack (5.2.4.2) lib/action_dispatch/middleware/executor.rb:14:in `call'
actionpack (5.2.4.2) lib/action_dispatch/middleware/static.rb:127:in `call'
rack (2.2.2) lib/rack/sendfile.rb:110:in `call'
railties (5.2.4.2) lib/rails/engine.rb:524:in `call'
puma (3.12.4) lib/puma/configuration.rb:227:in `call'
puma (3.12.4) lib/puma/server.rb:675:in `handle_request'
puma (3.12.4) lib/puma/server.rb:476:in `process_client'
puma (3.12.4) lib/puma/server.rb:334:in `block in run'
puma (3.12.4) lib/puma/thread_pool.rb:135:in `block in spawn_thread'
Started POST "/contacts" for ::1 at 2020-03-25 23:50:05 +0900
Processing by ContactsController#create as HTML
  Parameters: {"utf8"=>"✓", "authenticity_token"=>"oSKD96kOjkPU591c6mI4fhol6Q4Crcu6/Y9XHCHdf0vQ/WT4jxxtFXAWlnYjJ4uq9co7GYqMjboQ5f9EgFiKsg==", "contact"=>{"name"=>"afffff", "email"=>"", "contact"=>""}, "commit"=>"Create Contact"}
  [1m[35m (0.2ms)[0m  [1m[35mBEGIN[0m
  ↳ app/controllers/contacts_controller.rb:14
  [1m[35m (0.2ms)[0m  [1m[31mROLLBACK[0m
  ↳ app/controllers/contacts_controller.rb:14
  [1m[35m (0.2ms)[0m  [1m[35mBEGIN[0m
  ↳ app/controllers/contacts_controller.rb:6
  [1m[35m (0.1ms)[0m  [1m[31mROLLBACK[0m
  ↳ app/controllers/contacts_controller.rb:6
  Rendering contacts/new.html.erb within layouts/application
  Rendered contacts/new.html.erb within layouts/application (2.3ms)
Completed 500 Internal Server Error in 24ms (ActiveRecord: 7.1ms)


  
ActionView::Template::Error (undefined method `errors' for nil:NilClass):
    1: <%= form_with(model: @contact, local:true) do |form| %>
    2:   <% if @contact.errors.any? %>
    3:     <div id="error_explanation">
    4:       <h2><%= @contact.errors.count %>件のエラーです。</h2>
    5:       <ul>
  
app/views/contacts/new.html.erb:2:in `block in _app_views_contacts_new_html_erb___3982861987085322765_70168086370640'
app/views/contacts/new.html.erb:1:in `_app_views_contacts_new_html_erb___3982861987085322765_70168086370640'
app/controllers/contacts_controller.rb:9:in `create'
Started GET "/contacts/new" for ::1 at 2020-03-25 23:50:49 +0900
Processing by ContactsController#new as HTML
  Rendering contacts/new.html.erb within layouts/application
  Rendered contacts/new.html.erb within layouts/application (3.9ms)
Completed 200 OK in 28ms (Views: 17.5ms | ActiveRecord: 3.1ms)


Started POST "/contacts" for ::1 at 2020-03-25 23:50:54 +0900
Processing by ContactsController#create as HTML
  Parameters: {"utf8"=>"✓", "authenticity_token"=>"Z/mJFfPDa5Jme0rcHnkvvbH2tlgBfX38Ce9QPcHapB0WJm4a1dGIxMKKAfbXPJxpXhlkT4lcO/zkhfhlYF9R5A==", "contact"=>{"name"=>"af", "email"=>"af", "contact"=>"fa"}, "commit"=>"Create Contact"}
  [1m[35m (0.2ms)[0m  [1m[35mBEGIN[0m
  ↳ app/controllers/contacts_controller.rb:15
  [1m[36mContact Create (2.5ms)[0m  [1m[32mINSERT INTO "contacts" ("name", "email", "contact") VALUES ($1, $2, $3) RETURNING "id"[0m  [["name", "af"], ["email", "af"], ["contact", "fa"]]
  ↳ app/controllers/contacts_controller.rb:15
  [1m[35m (0.6ms)[0m  [1m[35mCOMMIT[0m
  ↳ app/controllers/contacts_controller.rb:15
  [1m[35m (0.2ms)[0m  [1m[35mBEGIN[0m
  ↳ app/controllers/contacts_controller.rb:7
  [1m[35m (0.3ms)[0m  [1m[35mCOMMIT[0m
  ↳ app/controllers/contacts_controller.rb:7
Redirected to http://localhost:3000/contacts/new
Completed 302 Found in 9ms (ActiveRecord: 3.8ms)


Started GET "/contacts/new" for ::1 at 2020-03-25 23:50:54 +0900
Processing by ContactsController#new as HTML
  Rendering contacts/new.html.erb within layouts/application
  Rendered contacts/new.html.erb within layouts/application (2.6ms)
Completed 200 OK in 18ms (Views: 17.3ms | ActiveRecord: 0.0ms)


Started POST "/contacts" for ::1 at 2020-03-25 23:50:57 +0900
Processing by ContactsController#create as HTML
  Parameters: {"utf8"=>"✓", "authenticity_token"=>"h4fwDoDGAWQ7JlJqg/5B8p0HHIPapKVCpOKBi95Nb1T2WBcBptTiMp/XGUBKu/ImcujOlFKF40JJiCnTf8iarQ==", "contact"=>{"name"=>"", "email"=>"", "contact"=>""}, "commit"=>"Create Contact"}
  [1m[35m (0.4ms)[0m  [1m[35mBEGIN[0m
  ↳ app/controllers/contacts_controller.rb:15
  [1m[35m (0.2ms)[0m  [1m[31mROLLBACK[0m
  ↳ app/controllers/contacts_controller.rb:15
  [1m[35m (0.2ms)[0m  [1m[35mBEGIN[0m
  ↳ app/controllers/contacts_controller.rb:7
  [1m[35m (0.4ms)[0m  [1m[31mROLLBACK[0m
  ↳ app/controllers/contacts_controller.rb:7
  Rendering contacts/new.html.erb within layouts/application
  Rendered contacts/new.html.erb within layouts/application (3.9ms)
Completed 200 OK in 28ms (Views: 19.0ms | ActiveRecord: 1.3ms)


Started POST "/contacts" for ::1 at 2020-03-25 23:51:59 +0900
Processing by ContactsController#create as HTML
  Parameters: {"utf8"=>"✓", "authenticity_token"=>"fQrfVyE7A59lqWNq5jqJXT/nJbFmUDE7owCzVkgwJDkM1ThYByngycFYKEAvfzqJ0Aj3pu5xdztOahsO6bXRwA==", "contact"=>{"name"=>"hoge", "email"=>"hoge", "contact"=>"hoge"}, "commit"=>"Create Contact"}
  [1m[35m (0.3ms)[0m  [1m[35mBEGIN[0m
  ↳ app/controllers/contacts_controller.rb:15
  [1m[36mContact Create (0.4ms)[0m  [1m[32mINSERT INTO "contacts" ("name", "email", "contact") VALUES ($1, $2, $3) RETURNING "id"[0m  [["name", "hoge"], ["email", "hoge"], ["contact", "hoge"]]
  ↳ app/controllers/contacts_controller.rb:15
  [1m[35m (0.5ms)[0m  [1m[35mCOMMIT[0m
  ↳ app/controllers/contacts_controller.rb:15
  [1m[35m (0.3ms)[0m  [1m[35mBEGIN[0m
  ↳ app/controllers/contacts_controller.rb:7
  [1m[35m (0.1ms)[0m  [1m[35mCOMMIT[0m
  ↳ app/controllers/contacts_controller.rb:7
Redirected to http://localhost:3000/contacts/new
Completed 302 Found in 17ms (ActiveRecord: 4.8ms)


Started GET "/contacts/new" for ::1 at 2020-03-25 23:51:59 +0900
Processing by ContactsController#new as HTML
  Rendering contacts/new.html.erb within layouts/application
  Rendered contacts/new.html.erb within layouts/application (2.5ms)
Completed 200 OK in 25ms (Views: 23.7ms | ActiveRecord: 0.0ms)


Started POST "/contacts" for ::1 at 2020-03-25 23:52:08 +0900
Processing by ContactsController#create as HTML
  Parameters: {"utf8"=>"✓", "authenticity_token"=>"5KwcsyuK30EAEJ/B9GHzInPFXmHHSjRAuf7EY5F3fs6Vc/u8DZg8F6Th1Os9JED2nCqMdk9rckBUlGw7MPKLNw==", "contact"=>{"name"=>"hoge", "email"=>"hogeqhge", "contact"=>"hogee"}, "commit"=>"Create Contact"}
  [1m[35m (0.2ms)[0m  [1m[35mBEGIN[0m
  ↳ app/controllers/contacts_controller.rb:15
  [1m[36mContact Create (0.4ms)[0m  [1m[32mINSERT INTO "contacts" ("name", "email", "contact") VALUES ($1, $2, $3) RETURNING "id"[0m  [["name", "hoge"], ["email", "hogeqhge"], ["contact", "hogee"]]
  ↳ app/controllers/contacts_controller.rb:15
  [1m[35m (1.3ms)[0m  [1m[35mCOMMIT[0m
  ↳ app/controllers/contacts_controller.rb:15
  [1m[35m (0.5ms)[0m  [1m[35mBEGIN[0m
  ↳ app/controllers/contacts_controller.rb:7
  [1m[35m (0.3ms)[0m  [1m[35mCOMMIT[0m
  ↳ app/controllers/contacts_controller.rb:7
Redirected to http://localhost:3000/contacts/new
Completed 302 Found in 7ms (ActiveRecord: 2.6ms)


Started GET "/contacts/new" for ::1 at 2020-03-25 23:52:08 +0900
Processing by ContactsController#new as HTML
  Rendering contacts/new.html.erb within layouts/application
  Rendered contacts/new.html.erb within layouts/application (2.9ms)
Completed 200 OK in 35ms (Views: 33.3ms | ActiveRecord: 0.0ms)


  [1m[36mContact Load (0.4ms)[0m  [1m[34mSELECT  "contacts".* FROM "contacts" LIMIT $1[0m  [["LIMIT", 11]]
  [1m[35m (0.4ms)[0m  [1m[34mSELECT pg_try_advisory_lock(4484554839747264345)[0m
  ↳ bin/rails:9
  [1m[35m (3.8ms)[0m  [1m[34mSELECT "schema_migrations"."version" FROM "schema_migrations" ORDER BY "schema_migrations"."version" ASC[0m
  ↳ bin/rails:9
Migrating to RenameFromContactToContentOnContacts (20200325223414)
  [1m[35m (0.3ms)[0m  [1m[34mSELECT pg_advisory_unlock(4484554839747264345)[0m
  ↳ bin/rails:9
  [1m[35m (0.2ms)[0m  [1m[34mSELECT pg_try_advisory_lock(4484554839747264345)[0m
  ↳ bin/rails:9
  [1m[35m (0.6ms)[0m  [1m[34mSELECT "schema_migrations"."version" FROM "schema_migrations" ORDER BY "schema_migrations"."version" ASC[0m
  ↳ bin/rails:9
Migrating to RenameFromContactToContentOnContacts (20200325223414)
  [1m[35m (0.2ms)[0m  [1m[34mSELECT pg_advisory_unlock(4484554839747264345)[0m
  ↳ bin/rails:9
  [1m[35m (0.2ms)[0m  [1m[34mSELECT pg_try_advisory_lock(4484554839747264345)[0m
  ↳ bin/rails:9
  [1m[35m (0.5ms)[0m  [1m[34mSELECT "schema_migrations"."version" FROM "schema_migrations" ORDER BY "schema_migrations"."version" ASC[0m
  ↳ bin/rails:9
Migrating to RenameFromContactToContentOnContacts (20200325223414)
  [1m[35m (0.2ms)[0m  [1m[35mBEGIN[0m
  ↳ bin/rails:9
  [1m[35m (24.9ms)[0m  [1m[35mCREATE TABLE "contacts" ("id" bigserial primary key, "name" character varying, "email" character varying, "contnet" text)[0m
  ↳ db/migrate/20200325223414_rename_from_contact_to_content_on_contacts.rb:3
  [1m[35m (0.2ms)[0m  [1m[31mROLLBACK[0m
  ↳ bin/rails:9
  [1m[35m (0.3ms)[0m  [1m[34mSELECT pg_advisory_unlock(4484554839747264345)[0m
  ↳ bin/rails:9
  [1m[35m (0.5ms)[0m  [1m[34mSELECT "schema_migrations"."version" FROM "schema_migrations" ORDER BY "schema_migrations"."version" ASC[0m
  ↳ bin/rails:9
  [1m[35m (3.8ms)[0m  [1m[34mSELECT "ar_internal_metadata"."value" FROM "ar_internal_metadata" WHERE "ar_internal_metadata"."key" = $1[0m  [["key", "environment"]]
  ↳ bin/rails:9
  [1m[35m (0.2ms)[0m  [1m[34mSELECT "schema_migrations"."version" FROM "schema_migrations" ORDER BY "schema_migrations"."version" ASC[0m
  ↳ bin/rails:9
  [1m[35m (0.2ms)[0m  [1m[34mSELECT "ar_internal_metadata"."value" FROM "ar_internal_metadata" WHERE "ar_internal_metadata"."key" = $1[0m  [["key", "environment"]]
  ↳ bin/rails:9
  [1m[35m (0.2ms)[0m  [1m[34mSELECT "schema_migrations"."version" FROM "schema_migrations" ORDER BY "schema_migrations"."version" ASC[0m
  ↳ bin/rails:9
  [1m[35m (0.2ms)[0m  [1m[34mSELECT "ar_internal_metadata"."value" FROM "ar_internal_metadata" WHERE "ar_internal_metadata"."key" = $1[0m  [["key", "environment"]]
  ↳ bin/rails:9
  [1m[35m (44.1ms)[0m  [1m[35mDROP DATABASE IF EXISTS "kadai1_development"[0m
  ↳ bin/rails:9
  [1m[35m (40.4ms)[0m  [1m[35mDROP DATABASE IF EXISTS "kadai1_test"[0m
  ↳ bin/rails:9
  [1m[35m (191.2ms)[0m  [1m[35mCREATE DATABASE "kadai1_development" ENCODING = 'unicode'[0m
  ↳ bin/rails:9
  [1m[35m (107.4ms)[0m  [1m[35mCREATE DATABASE "kadai1_test" ENCODING = 'unicode'[0m
  ↳ bin/rails:9
  [1m[35m (9.2ms)[0m  [1m[35mCREATE TABLE "schema_migrations" ("version" character varying NOT NULL PRIMARY KEY)[0m
  ↳ bin/rails:9
  [1m[35m (3.7ms)[0m  [1m[35mCREATE TABLE "ar_internal_metadata" ("key" character varying NOT NULL PRIMARY KEY, "value" character varying, "created_at" timestamp NOT NULL, "updated_at" timestamp NOT NULL)[0m
  ↳ bin/rails:9
  [1m[35m (0.3ms)[0m  [1m[34mSELECT pg_try_advisory_lock(4484554839747264345)[0m
  ↳ bin/rails:9
  [1m[35m (0.6ms)[0m  [1m[34mSELECT "schema_migrations"."version" FROM "schema_migrations" ORDER BY "schema_migrations"."version" ASC[0m
  ↳ bin/rails:9
Migrating to CreateContacts (20200325130302)
  [1m[35m (0.2ms)[0m  [1m[35mBEGIN[0m
  ↳ bin/rails:9
  [1m[35m (7.5ms)[0m  [1m[35mCREATE TABLE "contacts" ("id" bigserial primary key, "name" character varying, "email" character varying, "contact" text)[0m
  ↳ db/migrate/20200325130302_create_contacts.rb:3
  [1m[36mActiveRecord::SchemaMigration Create (2.1ms)[0m  [1m[32mINSERT INTO "schema_migrations" ("version") VALUES ($1) RETURNING "version"[0m  [["version", "20200325130302"]]
  ↳ bin/rails:9
  [1m[35m (0.5ms)[0m  [1m[35mCOMMIT[0m
  ↳ bin/rails:9
Migrating to RenameFromContactToContentOnContacts (20200325223414)
  [1m[35m (0.3ms)[0m  [1m[35mBEGIN[0m
  ↳ bin/rails:9
  [1m[35m (2.7ms)[0m  [1m[35mCREATE TABLE "contacts" ("id" bigserial primary key, "name" character varying, "email" character varying, "contnet" text)[0m
  ↳ db/migrate/20200325223414_rename_from_contact_to_content_on_contacts.rb:3
  [1m[35m (0.1ms)[0m  [1m[31mROLLBACK[0m
  ↳ bin/rails:9
  [1m[35m (0.2ms)[0m  [1m[34mSELECT pg_advisory_unlock(4484554839747264345)[0m
  ↳ bin/rails:9
  [1m[35m (0.2ms)[0m  [1m[34mSELECT pg_try_advisory_lock(4484554839747264345)[0m
  ↳ bin/rails:9
  [1m[35m (0.7ms)[0m  [1m[34mSELECT "schema_migrations"."version" FROM "schema_migrations" ORDER BY "schema_migrations"."version" ASC[0m
  ↳ bin/rails:9
Migrating to RenameFromContactToContentOnContacts (20200325223414)
  [1m[35m (0.2ms)[0m  [1m[35mBEGIN[0m
  ↳ bin/rails:9
  [1m[35m (2.6ms)[0m  [1m[35mCREATE TABLE "contacts" ("id" bigserial primary key, "name" character varying, "email" character varying, "contnet" text)[0m
  ↳ db/migrate/20200325223414_rename_from_contact_to_content_on_contacts.rb:3
  [1m[35m (0.1ms)[0m  [1m[31mROLLBACK[0m
  ↳ bin/rails:9
  [1m[35m (0.2ms)[0m  [1m[34mSELECT pg_advisory_unlock(4484554839747264345)[0m
  ↳ bin/rails:9
  [1m[35m (0.2ms)[0m  [1m[34mSELECT pg_try_advisory_lock(4484554839747264345)[0m
  ↳ bin/rails:9
  [1m[35m (0.7ms)[0m  [1m[34mSELECT "schema_migrations"."version" FROM "schema_migrations" ORDER BY "schema_migrations"."version" ASC[0m
  ↳ bin/rails:9
Migrating to RenameFromContactToContentOnContacts (20200325223414)
  [1m[35m (0.1ms)[0m  [1m[35mBEGIN[0m
  ↳ bin/rails:9
  [1m[35m (0.2ms)[0m  [1m[31mROLLBACK[0m
  ↳ bin/rails:9
  [1m[35m (0.2ms)[0m  [1m[34mSELECT pg_advisory_unlock(4484554839747264345)[0m
  ↳ bin/rails:9
  [1m[35m (0.2ms)[0m  [1m[34mSELECT pg_try_advisory_lock(4484554839747264345)[0m
  ↳ bin/rails:9
  [1m[35m (0.6ms)[0m  [1m[34mSELECT "schema_migrations"."version" FROM "schema_migrations" ORDER BY "schema_migrations"."version" ASC[0m
  ↳ bin/rails:9
Migrating to RenameFromContactToContentOnContacts (20200325223414)
  [1m[35m (0.2ms)[0m  [1m[35mBEGIN[0m
  ↳ bin/rails:9
  [1m[35m (0.2ms)[0m  [1m[31mROLLBACK[0m
  ↳ bin/rails:9
  [1m[35m (0.3ms)[0m  [1m[34mSELECT pg_advisory_unlock(4484554839747264345)[0m
  ↳ bin/rails:9
  [1m[35m (0.8ms)[0m  [1m[34mSELECT pg_try_advisory_lock(4484554839747264345)[0m
  ↳ bin/rails:9
  [1m[35m (2.9ms)[0m  [1m[34mSELECT "schema_migrations"."version" FROM "schema_migrations" ORDER BY "schema_migrations"."version" ASC[0m
  ↳ bin/rails:9
Migrating to RenameFromContactToContentOnContacts (20200325223414)
  [1m[35m (0.2ms)[0m  [1m[35mBEGIN[0m
  ↳ bin/rails:9
  [1m[35m (0.4ms)[0m  [1m[31mROLLBACK[0m
  ↳ bin/rails:9
  [1m[35m (0.3ms)[0m  [1m[34mSELECT pg_advisory_unlock(4484554839747264345)[0m
  ↳ bin/rails:9
  [1m[35m (0.2ms)[0m  [1m[34mSELECT pg_try_advisory_lock(4484554839747264345)[0m
  ↳ bin/rails:9
  [1m[35m (0.9ms)[0m  [1m[34mSELECT "schema_migrations"."version" FROM "schema_migrations" ORDER BY "schema_migrations"."version" ASC[0m
  ↳ bin/rails:9
Migrating to RenameFromContactToContentOnContacts (20200325223414)
  [1m[35m (0.3ms)[0m  [1m[35mBEGIN[0m
  ↳ bin/rails:9
  [1m[35m (34.9ms)[0m  [1m[35mCREATE TABLE "contacts" ("id" bigserial primary key, "name" character varying, "email" character varying, "contnet" text)[0m
  ↳ db/migrate/20200325223414_rename_from_contact_to_content_on_contacts.rb:3
  [1m[35m (0.2ms)[0m  [1m[31mROLLBACK[0m
  ↳ bin/rails:9
  [1m[35m (0.3ms)[0m  [1m[34mSELECT pg_advisory_unlock(4484554839747264345)[0m
  ↳ bin/rails:9
  [1m[35m (0.2ms)[0m  [1m[34mSELECT pg_try_advisory_lock(4484554839747264345)[0m
  ↳ bin/rails:9
  [1m[35m (1.3ms)[0m  [1m[34mSELECT "schema_migrations"."version" FROM "schema_migrations" ORDER BY "schema_migrations"."version" ASC[0m
  ↳ bin/rails:9
Migrating to RenameFromContactToContentOnContacts (20200325223414)
  [1m[35m (0.2ms)[0m  [1m[35mBEGIN[0m
  ↳ bin/rails:9
  [1m[35m (8.0ms)[0m  [1m[35mCREATE TABLE "contacts" ("id" bigserial primary key, "name" character varying, "email" character varying, "content" text)[0m
  ↳ db/migrate/20200325223414_rename_from_contact_to_content_on_contacts.rb:3
  [1m[35m (0.2ms)[0m  [1m[31mROLLBACK[0m
  ↳ bin/rails:9
  [1m[35m (0.3ms)[0m  [1m[34mSELECT pg_advisory_unlock(4484554839747264345)[0m
  ↳ bin/rails:9
  [1m[35m (1.8ms)[0m  [1m[34mSELECT "schema_migrations"."version" FROM "schema_migrations" ORDER BY "schema_migrations"."version" ASC[0m
  ↳ bin/rails:9
  [1m[35m (5.0ms)[0m  [1m[34mSELECT "ar_internal_metadata"."value" FROM "ar_internal_metadata" WHERE "ar_internal_metadata"."key" = $1[0m  [["key", "environment"]]
  ↳ bin/rails:9
  [1m[36mActiveRecord::InternalMetadata Load (4.6ms)[0m  [1m[34mSELECT  "ar_internal_metadata".* FROM "ar_internal_metadata" WHERE "ar_internal_metadata"."key" = $1 LIMIT $2[0m  [["key", "environment"], ["LIMIT", 1]]
  ↳ bin/rails:9
  [1m[35m (0.2ms)[0m  [1m[35mBEGIN[0m
  ↳ bin/rails:9
  [1m[36mActiveRecord::InternalMetadata Create (6.3ms)[0m  [1m[32mINSERT INTO "ar_internal_metadata" ("key", "value", "created_at", "updated_at") VALUES ($1, $2, $3, $4) RETURNING "key"[0m  [["key", "environment"], ["value", "development"], ["created_at", "2020-03-26 13:23:47.060539"], ["updated_at", "2020-03-26 13:23:47.060539"]]
  ↳ bin/rails:9
  [1m[35m (0.5ms)[0m  [1m[35mCOMMIT[0m
  ↳ bin/rails:9
  [1m[35m (0.7ms)[0m  [1m[34mSELECT "schema_migrations"."version" FROM "schema_migrations" ORDER BY "schema_migrations"."version" ASC[0m
  ↳ bin/rails:9
  [1m[35m (4.4ms)[0m  [1m[34mSELECT "ar_internal_metadata"."value" FROM "ar_internal_metadata" WHERE "ar_internal_metadata"."key" = $1[0m  [["key", "environment"]]
  ↳ bin/rails:9
  [1m[35m (0.2ms)[0m  [1m[34mSELECT "schema_migrations"."version" FROM "schema_migrations" ORDER BY "schema_migrations"."version" ASC[0m
  ↳ bin/rails:9
  [1m[35m (0.2ms)[0m  [1m[34mSELECT "ar_internal_metadata"."value" FROM "ar_internal_metadata" WHERE "ar_internal_metadata"."key" = $1[0m  [["key", "environment"]]
  ↳ bin/rails:9
  [1m[35m (0.3ms)[0m  [1m[34mSELECT "schema_migrations"."version" FROM "schema_migrations" ORDER BY "schema_migrations"."version" ASC[0m
  ↳ bin/rails:9
  [1m[35m (0.2ms)[0m  [1m[34mSELECT "ar_internal_metadata"."value" FROM "ar_internal_metadata" WHERE "ar_internal_metadata"."key" = $1[0m  [["key", "environment"]]
  ↳ bin/rails:9
  [1m[35m (54.3ms)[0m  [1m[35mDROP DATABASE IF EXISTS "kadai1_development"[0m
  ↳ bin/rails:9
  [1m[35m (41.1ms)[0m  [1m[35mDROP DATABASE IF EXISTS "kadai1_test"[0m
  ↳ bin/rails:9
  [1m[35m (163.7ms)[0m  [1m[35mCREATE DATABASE "kadai1_development" ENCODING = 'unicode'[0m
  ↳ bin/rails:9
  [1m[35m (68.1ms)[0m  [1m[35mCREATE DATABASE "kadai1_test" ENCODING = 'unicode'[0m
  ↳ bin/rails:9
  [1m[35m (12.2ms)[0m  [1m[35mCREATE TABLE "schema_migrations" ("version" character varying NOT NULL PRIMARY KEY)[0m
  ↳ bin/rails:9
  [1m[35m (2.6ms)[0m  [1m[35mCREATE TABLE "ar_internal_metadata" ("key" character varying NOT NULL PRIMARY KEY, "value" character varying, "created_at" timestamp NOT NULL, "updated_at" timestamp NOT NULL)[0m
  ↳ bin/rails:9
  [1m[35m (0.3ms)[0m  [1m[34mSELECT pg_try_advisory_lock(4484554839747264345)[0m
  ↳ bin/rails:9
  [1m[35m (0.5ms)[0m  [1m[34mSELECT "schema_migrations"."version" FROM "schema_migrations" ORDER BY "schema_migrations"."version" ASC[0m
  ↳ bin/rails:9
Migrating to CreateContacts (20200325130302)
  [1m[35m (0.2ms)[0m  [1m[35mBEGIN[0m
  ↳ bin/rails:9
  [1m[35m (8.0ms)[0m  [1m[35mCREATE TABLE "contacts" ("id" bigserial primary key, "name" character varying, "email" character varying, "contact" text)[0m
  ↳ db/migrate/20200325130302_create_contacts.rb:3
  [1m[36mActiveRecord::SchemaMigration Create (0.5ms)[0m  [1m[32mINSERT INTO "schema_migrations" ("version") VALUES ($1) RETURNING "version"[0m  [["version", "20200325130302"]]
  ↳ bin/rails:9
  [1m[35m (0.3ms)[0m  [1m[35mCOMMIT[0m
  ↳ bin/rails:9
Migrating to RenameFromContactToContentOnContacts (20200325223414)
  [1m[35m (0.4ms)[0m  [1m[35mBEGIN[0m
  ↳ bin/rails:9
  [1m[35m (5.6ms)[0m  [1m[35mCREATE TABLE "contacts" ("id" bigserial primary key, "name" character varying, "email" character varying, "content" text)[0m
  ↳ db/migrate/20200325223414_rename_from_contact_to_content_on_contacts.rb:3
  [1m[35m (0.1ms)[0m  [1m[31mROLLBACK[0m
  ↳ bin/rails:9
  [1m[35m (0.2ms)[0m  [1m[34mSELECT pg_advisory_unlock(4484554839747264345)[0m
  ↳ bin/rails:9
  [1m[35m (0.2ms)[0m  [1m[34mSELECT pg_try_advisory_lock(4484554839747264345)[0m
  ↳ bin/rails:9
  [1m[35m (0.8ms)[0m  [1m[34mSELECT "schema_migrations"."version" FROM "schema_migrations" ORDER BY "schema_migrations"."version" ASC[0m
  ↳ bin/rails:9
Migrating to RenameFromContactToContentOnContacts (20200325223414)
  [1m[35m (0.2ms)[0m  [1m[35mBEGIN[0m
  ↳ bin/rails:9
  [1m[35m (3.5ms)[0m  [1m[35mCREATE TABLE "contacts" ("id" bigserial primary key, "name" character varying, "email" character varying, "content" text)[0m
  ↳ db/migrate/20200325223414_rename_from_contact_to_content_on_contacts.rb:3
  [1m[35m (0.1ms)[0m  [1m[31mROLLBACK[0m
  ↳ bin/rails:9
  [1m[35m (0.2ms)[0m  [1m[34mSELECT pg_advisory_unlock(4484554839747264345)[0m
  ↳ bin/rails:9
  [1m[35m (0.2ms)[0m  [1m[34mSELECT pg_try_advisory_lock(4484554839747264345)[0m
  ↳ bin/rails:9
  [1m[35m (1.8ms)[0m  [1m[34mSELECT "schema_migrations"."version" FROM "schema_migrations" ORDER BY "schema_migrations"."version" ASC[0m
  ↳ bin/rails:9
Migrating to RenameFromContactToContentOnContacts (20200325223414)
  [1m[35m (0.2ms)[0m  [1m[35mBEGIN[0m
  ↳ bin/rails:9
  [1m[35m (0.2ms)[0m  [1m[31mROLLBACK[0m
  ↳ bin/rails:9
  [1m[35m (0.3ms)[0m  [1m[34mSELECT pg_advisory_unlock(4484554839747264345)[0m
  ↳ bin/rails:9
  [1m[35m (0.7ms)[0m  [1m[34mSELECT "schema_migrations"."version" FROM "schema_migrations" ORDER BY "schema_migrations"."version" ASC[0m
  ↳ bin/rails:9
  [1m[35m (0.2ms)[0m  [1m[34mSELECT "schema_migrations"."version" FROM "schema_migrations" ORDER BY "schema_migrations"."version" ASC[0m
  ↳ bin/rails:9
  [1m[35m (0.2ms)[0m  [1m[34mSELECT "schema_migrations"."version" FROM "schema_migrations" ORDER BY "schema_migrations"."version" ASC[0m
  ↳ bin/rails:9
  [1m[35m (0.3ms)[0m  [1m[34mSELECT pg_try_advisory_lock(4484554839747264345)[0m
  ↳ bin/rails:9
  [1m[35m (0.3ms)[0m  [1m[34mSELECT "schema_migrations"."version" FROM "schema_migrations" ORDER BY "schema_migrations"."version" ASC[0m
  ↳ bin/rails:9
Migrating to CreateContacts (20200325130302)
  [1m[35m (0.2ms)[0m  [1m[35mBEGIN[0m
  ↳ bin/rails:9
  [1m[35m (8.7ms)[0m  [1m[35mDROP TABLE "contacts"[0m
  ↳ bin/rails:9
  [1m[36mActiveRecord::SchemaMigration Destroy (6.7ms)[0m  [1m[31mDELETE FROM "schema_migrations" WHERE "schema_migrations"."version" = $1[0m  [["version", "20200325130302"]]
  ↳ bin/rails:9
  [1m[35m (8.0ms)[0m  [1m[35mCOMMIT[0m
  ↳ bin/rails:9
  [1m[35m (0.3ms)[0m  [1m[34mSELECT pg_advisory_unlock(4484554839747264345)[0m
  ↳ bin/rails:9
  [1m[35m (0.3ms)[0m  [1m[34mSELECT "schema_migrations"."version" FROM "schema_migrations" ORDER BY "schema_migrations"."version" ASC[0m
  ↳ bin/rails:9
  [1m[35m (0.9ms)[0m  [1m[34mSELECT "schema_migrations"."version" FROM "schema_migrations" ORDER BY "schema_migrations"."version" ASC[0m
  ↳ bin/rails:9
  [1m[35m (0.2ms)[0m  [1m[34mSELECT "schema_migrations"."version" FROM "schema_migrations" ORDER BY "schema_migrations"."version" ASC[0m
  ↳ bin/rails:9
  [1m[35m (0.2ms)[0m  [1m[34mSELECT pg_try_advisory_lock(4484554839747264345)[0m
  ↳ bin/rails:9
  [1m[35m (0.4ms)[0m  [1m[34mSELECT "schema_migrations"."version" FROM "schema_migrations" ORDER BY "schema_migrations"."version" ASC[0m
  ↳ bin/rails:9
  [1m[35m (0.2ms)[0m  [1m[34mSELECT pg_advisory_unlock(4484554839747264345)[0m
  ↳ bin/rails:9
  [1m[35m (0.2ms)[0m  [1m[34mSELECT "schema_migrations"."version" FROM "schema_migrations" ORDER BY "schema_migrations"."version" ASC[0m
  ↳ bin/rails:9
  [1m[35m (0.2ms)[0m  [1m[34mSELECT pg_try_advisory_lock(4484554839747264345)[0m
  ↳ bin/rails:9
  [1m[35m (1.3ms)[0m  [1m[34mSELECT "schema_migrations"."version" FROM "schema_migrations" ORDER BY "schema_migrations"."version" ASC[0m
  ↳ bin/rails:9
  [1m[35m (0.4ms)[0m  [1m[34mSELECT pg_advisory_unlock(4484554839747264345)[0m
  ↳ bin/rails:9
  [1m[35m (0.2ms)[0m  [1m[34mSELECT pg_try_advisory_lock(4484554839747264345)[0m
  ↳ bin/rails:9
  [1m[35m (0.9ms)[0m  [1m[34mSELECT "schema_migrations"."version" FROM "schema_migrations" ORDER BY "schema_migrations"."version" ASC[0m
  ↳ bin/rails:9
  [1m[35m (0.3ms)[0m  [1m[34mSELECT pg_advisory_unlock(4484554839747264345)[0m
  ↳ bin/rails:9
  [1m[35m (0.2ms)[0m  [1m[34mSELECT "schema_migrations"."version" FROM "schema_migrations" ORDER BY "schema_migrations"."version" ASC[0m
  ↳ bin/rails:9
  [1m[35m (0.3ms)[0m  [1m[34mSELECT pg_try_advisory_lock(4484554839747264345)[0m
  ↳ bin/rails:9
  [1m[35m (1.0ms)[0m  [1m[34mSELECT "schema_migrations"."version" FROM "schema_migrations" ORDER BY "schema_migrations"."version" ASC[0m
  ↳ bin/rails:9
  [1m[35m (0.3ms)[0m  [1m[34mSELECT pg_advisory_unlock(4484554839747264345)[0m
  ↳ bin/rails:9
  [1m[35m (0.3ms)[0m  [1m[34mSELECT "schema_migrations"."version" FROM "schema_migrations" ORDER BY "schema_migrations"."version" ASC[0m
  ↳ bin/rails:9
  [1m[35m (0.2ms)[0m  [1m[34mSELECT pg_try_advisory_lock(4484554839747264345)[0m
  ↳ bin/rails:9
  [1m[35m (0.5ms)[0m  [1m[34mSELECT "schema_migrations"."version" FROM "schema_migrations" ORDER BY "schema_migrations"."version" ASC[0m
  ↳ bin/rails:9
  [1m[35m (0.2ms)[0m  [1m[34mSELECT pg_advisory_unlock(4484554839747264345)[0m
  ↳ bin/rails:9
  [1m[35m (0.2ms)[0m  [1m[34mSELECT "schema_migrations"."version" FROM "schema_migrations" ORDER BY "schema_migrations"."version" ASC[0m
  ↳ bin/rails:9
  [1m[35m (0.5ms)[0m  [1m[34mSELECT "schema_migrations"."version" FROM "schema_migrations" ORDER BY "schema_migrations"."version" ASC[0m
  ↳ bin/rails:9
  [1m[35m (0.6ms)[0m  [1m[34mSELECT "schema_migrations"."version" FROM "schema_migrations" ORDER BY "schema_migrations"."version" ASC[0m
  ↳ bin/rails:9
  [1m[35m (0.7ms)[0m  [1m[34mSELECT pg_try_advisory_lock(4484554839747264345)[0m
  ↳ bin/rails:9
  [1m[35m (2.0ms)[0m  [1m[34mSELECT "schema_migrations"."version" FROM "schema_migrations" ORDER BY "schema_migrations"."version" ASC[0m
  ↳ bin/rails:9
Migrating to CreateContacts (20200326134525)
  [1m[35m (0.3ms)[0m  [1m[35mBEGIN[0m
  ↳ bin/rails:9
  [1m[35m (5.4ms)[0m  [1m[35mCREATE TABLE "contacts" ("id" bigserial primary key, "name" character varying, "email" character varying, "content" text)[0m
  ↳ db/migrate/20200326134525_create_contacts.rb:3
  [1m[36mActiveRecord::SchemaMigration Create (0.4ms)[0m  [1m[32mINSERT INTO "schema_migrations" ("version") VALUES ($1) RETURNING "version"[0m  [["version", "20200326134525"]]
  ↳ bin/rails:9
  [1m[35m (1.2ms)[0m  [1m[35mCOMMIT[0m
  ↳ bin/rails:9
  [1m[36mActiveRecord::InternalMetadata Load (3.7ms)[0m  [1m[34mSELECT  "ar_internal_metadata".* FROM "ar_internal_metadata" WHERE "ar_internal_metadata"."key" = $1 LIMIT $2[0m  [["key", "environment"], ["LIMIT", 1]]
  ↳ bin/rails:9
  [1m[35m (0.1ms)[0m  [1m[35mBEGIN[0m
  ↳ bin/rails:9
  [1m[36mActiveRecord::InternalMetadata Create (0.6ms)[0m  [1m[32mINSERT INTO "ar_internal_metadata" ("key", "value", "created_at", "updated_at") VALUES ($1, $2, $3, $4) RETURNING "key"[0m  [["key", "environment"], ["value", "development"], ["created_at", "2020-03-26 13:46:51.791066"], ["updated_at", "2020-03-26 13:46:51.791066"]]
  ↳ bin/rails:9
  [1m[35m (0.9ms)[0m  [1m[35mCOMMIT[0m
  ↳ bin/rails:9
  [1m[35m (0.3ms)[0m  [1m[34mSELECT pg_advisory_unlock(4484554839747264345)[0m
  ↳ bin/rails:9
  [1m[35m (0.5ms)[0m  [1m[34mSELECT "schema_migrations"."version" FROM "schema_migrations" ORDER BY "schema_migrations"."version" ASC[0m
  ↳ bin/rails:9
Started GET "/blogs" for ::1 at 2020-03-26 22:47:12 +0900
  [1m[35m (0.6ms)[0m  [1m[34mSELECT "schema_migrations"."version" FROM "schema_migrations" ORDER BY "schema_migrations"."version" ASC[0m
  ↳ /Users/apple/.rbenv/versions/2.6.5/lib/ruby/gems/2.6.0/gems/activerecord-5.2.4.2/lib/active_record/log_subscriber.rb:98
  
ActionController::RoutingError (No route matches [GET] "/blogs"):
  
actionpack (5.2.4.2) lib/action_dispatch/middleware/debug_exceptions.rb:65:in `call'
web-console (3.7.0) lib/web_console/middleware.rb:135:in `call_app'
web-console (3.7.0) lib/web_console/middleware.rb:30:in `block in call'
web-console (3.7.0) lib/web_console/middleware.rb:20:in `catch'
web-console (3.7.0) lib/web_console/middleware.rb:20:in `call'
actionpack (5.2.4.2) lib/action_dispatch/middleware/show_exceptions.rb:33:in `call'
railties (5.2.4.2) lib/rails/rack/logger.rb:38:in `call_app'
railties (5.2.4.2) lib/rails/rack/logger.rb:26:in `block in call'
activesupport (5.2.4.2) lib/active_support/tagged_logging.rb:71:in `block in tagged'
activesupport (5.2.4.2) lib/active_support/tagged_logging.rb:28:in `tagged'
activesupport (5.2.4.2) lib/active_support/tagged_logging.rb:71:in `tagged'
railties (5.2.4.2) lib/rails/rack/logger.rb:26:in `call'
sprockets-rails (3.2.1) lib/sprockets/rails/quiet_assets.rb:13:in `call'
actionpack (5.2.4.2) lib/action_dispatch/middleware/remote_ip.rb:81:in `call'
actionpack (5.2.4.2) lib/action_dispatch/middleware/request_id.rb:27:in `call'
rack (2.2.2) lib/rack/method_override.rb:24:in `call'
rack (2.2.2) lib/rack/runtime.rb:22:in `call'
activesupport (5.2.4.2) lib/active_support/cache/strategy/local_cache_middleware.rb:29:in `call'
actionpack (5.2.4.2) lib/action_dispatch/middleware/executor.rb:14:in `call'
actionpack (5.2.4.2) lib/action_dispatch/middleware/static.rb:127:in `call'
rack (2.2.2) lib/rack/sendfile.rb:110:in `call'
railties (5.2.4.2) lib/rails/engine.rb:524:in `call'
puma (3.12.4) lib/puma/configuration.rb:227:in `call'
puma (3.12.4) lib/puma/server.rb:675:in `handle_request'
puma (3.12.4) lib/puma/server.rb:476:in `process_client'
puma (3.12.4) lib/puma/server.rb:334:in `block in run'
puma (3.12.4) lib/puma/thread_pool.rb:135:in `block in spawn_thread'
Started GET "/" for ::1 at 2020-03-26 22:47:19 +0900
Processing by Rails::WelcomeController#index as HTML
  Rendering /Users/apple/.rbenv/versions/2.6.5/lib/ruby/gems/2.6.0/gems/railties-5.2.4.2/lib/rails/templates/rails/welcome/index.html.erb
  Rendered /Users/apple/.rbenv/versions/2.6.5/lib/ruby/gems/2.6.0/gems/railties-5.2.4.2/lib/rails/templates/rails/welcome/index.html.erb (3.2ms)
Completed 200 OK in 12ms (Views: 7.5ms | ActiveRecord: 0.0ms)


Started GET "/contacts/new" for ::1 at 2020-03-26 22:47:27 +0900
Processing by ContactsController#new as HTML
  Rendering contacts/new.html.erb within layouts/application
  Rendered contacts/new.html.erb within layouts/application (12.8ms)
Completed 200 OK in 328ms (Views: 302.2ms | ActiveRecord: 5.4ms)


Started POST "/contacts" for ::1 at 2020-03-26 22:47:34 +0900
Processing by ContactsController#create as HTML
  Parameters: {"utf8"=>"✓", "authenticity_token"=>"j+g6zrK0AskN8vWef/vE2C1ZHSFiIeF2vSonLkz47Pf+N93BlKbhn6kDvrS2vncMwrbPNuoAp3ZQQI927X0ZDg==", "contact"=>{"name"=>"aaa", "email"=>"aaa", "content"=>"aaa"}, "commit"=>"Create Contact"}
Completed 500 Internal Server Error in 2ms (ActiveRecord: 0.0ms)


  
ActiveModel::UnknownAttributeError (unknown attribute 'contact' for Contact.):
  
app/controllers/contacts_controller.rb:15:in `contact_params'
app/controllers/contacts_controller.rb:6:in `create'
Started POST "/contacts" for ::1 at 2020-03-26 22:49:02 +0900
Processing by ContactsController#create as HTML
  Parameters: {"utf8"=>"✓", "authenticity_token"=>"j+g6zrK0AskN8vWef/vE2C1ZHSFiIeF2vSonLkz47Pf+N93BlKbhn6kDvrS2vncMwrbPNuoAp3ZQQI927X0ZDg==", "contact"=>{"name"=>"aaa", "email"=>"aaa", "content"=>"aaa"}, "commit"=>"Create Contact"}
  [1m[35m (0.3ms)[0m  [1m[35mBEGIN[0m
  ↳ app/controllers/contacts_controller.rb:15
  [1m[36mContact Create (1.5ms)[0m  [1m[32mINSERT INTO "contacts" ("name", "email", "content") VALUES ($1, $2, $3) RETURNING "id"[0m  [["name", "aaa"], ["email", "aaa"], ["content", "aaa"]]
  ↳ app/controllers/contacts_controller.rb:15
  [1m[35m (0.4ms)[0m  [1m[35mCOMMIT[0m
  ↳ app/controllers/contacts_controller.rb:15
  [1m[35m (0.1ms)[0m  [1m[35mBEGIN[0m
  ↳ app/controllers/contacts_controller.rb:7
  [1m[35m (0.2ms)[0m  [1m[35mCOMMIT[0m
  ↳ app/controllers/contacts_controller.rb:7
Redirected to http://localhost:3000/contacts/new
Completed 302 Found in 20ms (ActiveRecord: 7.1ms)


Started GET "/contacts/new" for ::1 at 2020-03-26 22:49:02 +0900
Processing by ContactsController#new as HTML
  Rendering contacts/new.html.erb within layouts/application
  Rendered contacts/new.html.erb within layouts/application (3.2ms)
Completed 200 OK in 26ms (Views: 24.0ms | ActiveRecord: 0.0ms)


Started POST "/contacts" for ::1 at 2020-03-26 22:49:09 +0900
Processing by ContactsController#create as HTML
  Parameters: {"utf8"=>"✓", "authenticity_token"=>"vqMdV7K8ynjnuCEgYLH9yjnpBLLUsLzWMIQPBey1HZLPfPpYlK4pLkNJagqp9E4e1gbWpVyR+tbd7qddTTDoaw==", "contact"=>{"name"=>"afaaf", "email"=>"atui", "content"=>"aaa"}, "commit"=>"Create Contact"}
  [1m[35m (0.4ms)[0m  [1m[35mBEGIN[0m
  ↳ app/controllers/contacts_controller.rb:15
  [1m[36mContact Create (0.5ms)[0m  [1m[32mINSERT INTO "contacts" ("name", "email", "content") VALUES ($1, $2, $3) RETURNING "id"[0m  [["name", "afaaf"], ["email", "atui"], ["content", "aaa"]]
  ↳ app/controllers/contacts_controller.rb:15
  [1m[35m (0.5ms)[0m  [1m[35mCOMMIT[0m
  ↳ app/controllers/contacts_controller.rb:15
  [1m[35m (2.3ms)[0m  [1m[35mBEGIN[0m
  ↳ app/controllers/contacts_controller.rb:7
  [1m[35m (1.0ms)[0m  [1m[35mCOMMIT[0m
  ↳ app/controllers/contacts_controller.rb:7
Redirected to http://localhost:3000/contacts/new
Completed 302 Found in 13ms (ActiveRecord: 4.7ms)


Started GET "/contacts/new" for ::1 at 2020-03-26 22:49:09 +0900
Processing by ContactsController#new as HTML
  Rendering contacts/new.html.erb within layouts/application
  Rendered contacts/new.html.erb within layouts/application (3.7ms)
Completed 200 OK in 21ms (Views: 19.4ms | ActiveRecord: 0.0ms)


Started POST "/contacts" for ::1 at 2020-03-26 22:50:17 +0900
Processing by ContactsController#create as HTML
  Parameters: {"utf8"=>"✓", "authenticity_token"=>"/meV0sCVKOU0w2mew5pBHpHGo4Mubs7mk/v5iwnZiTyPuHLd5ofLs5AyIrQK3/LKfilxlKZPiOZ+kVHTqFx8xQ==", "contact"=>{"name"=>"", "email"=>"", "content"=>""}, "commit"=>"Create Contact"}
  [1m[35m (0.8ms)[0m  [1m[35mBEGIN[0m
  ↳ app/controllers/contacts_controller.rb:15
  [1m[35m (0.3ms)[0m  [1m[31mROLLBACK[0m
  ↳ app/controllers/contacts_controller.rb:15
  [1m[35m (0.6ms)[0m  [1m[35mBEGIN[0m
  ↳ app/controllers/contacts_controller.rb:7
  [1m[35m (0.2ms)[0m  [1m[31mROLLBACK[0m
  ↳ app/controllers/contacts_controller.rb:7
  Rendering contacts/new.html.erb within layouts/application
  Rendered contacts/new.html.erb within layouts/application (3.6ms)
Completed 200 OK in 30ms (Views: 20.0ms | ActiveRecord: 1.9ms)


Started POST "/contacts" for ::1 at 2020-03-26 22:50:25 +0900
Processing by ContactsController#create as HTML
  Parameters: {"utf8"=>"✓", "authenticity_token"=>"GmB0vbgHGERZG7ZmxPw+TFZwzmDJpy0z1onUawhJWRdrv5OynhX7Ev3q/UwNuY2YuZ8cd0GGazM743wzqcys7g==", "contact"=>{"name"=>"", "email"=>"", "content"=>"aaa"}, "commit"=>"Create Contact"}
  [1m[35m (0.2ms)[0m  [1m[35mBEGIN[0m
  ↳ app/controllers/contacts_controller.rb:15
  [1m[36mContact Create (1.0ms)[0m  [1m[32mINSERT INTO "contacts" ("name", "email", "content") VALUES ($1, $2, $3) RETURNING "id"[0m  [["name", ""], ["email", ""], ["content", "aaa"]]
  ↳ app/controllers/contacts_controller.rb:15
  [1m[35m (0.6ms)[0m  [1m[35mCOMMIT[0m
  ↳ app/controllers/contacts_controller.rb:15
  [1m[35m (0.2ms)[0m  [1m[35mBEGIN[0m
  ↳ app/controllers/contacts_controller.rb:7
  [1m[35m (0.2ms)[0m  [1m[35mCOMMIT[0m
  ↳ app/controllers/contacts_controller.rb:7
Redirected to http://localhost:3000/contacts/new
Completed 302 Found in 6ms (ActiveRecord: 2.2ms)


Started GET "/contacts/new" for ::1 at 2020-03-26 22:50:25 +0900
Processing by ContactsController#new as HTML
  Rendering contacts/new.html.erb within layouts/application
  Rendered contacts/new.html.erb within layouts/application (2.9ms)
Completed 200 OK in 38ms (Views: 36.7ms | ActiveRecord: 0.0ms)


Started POST "/contacts" for ::1 at 2020-03-26 22:50:52 +0900
Processing by ContactsController#create as HTML
  Parameters: {"utf8"=>"✓", "authenticity_token"=>"NZcIweGYAe1Ycn7ADf6W5T0KqXp8xJMC9gHKCMqRbT1ESO/Ox4riu/yDNerEuyUx0uV7bfTl1QIba2JQaxSYxA==", "contact"=>{"name"=>"", "email"=>"", "content"=>""}, "commit"=>"Create Contact"}
  [1m[35m (0.2ms)[0m  [1m[35mBEGIN[0m
  ↳ app/controllers/contacts_controller.rb:15
  [1m[35m (0.4ms)[0m  [1m[31mROLLBACK[0m
  ↳ app/controllers/contacts_controller.rb:15
  [1m[35m (0.8ms)[0m  [1m[35mBEGIN[0m
  ↳ app/controllers/contacts_controller.rb:7
  [1m[35m (0.2ms)[0m  [1m[31mROLLBACK[0m
  ↳ app/controllers/contacts_controller.rb:7
  Rendering contacts/new.html.erb within layouts/application
  Rendered contacts/new.html.erb within layouts/application (3.9ms)
Completed 200 OK in 31ms (Views: 23.3ms | ActiveRecord: 1.6ms)


Started POST "/contacts" for ::1 at 2020-03-26 22:50:55 +0900
Processing by ContactsController#create as HTML
  Parameters: {"utf8"=>"✓", "authenticity_token"=>"xMaBNc79Ua0f03jbkItYi0bzl2csdlDfURxtrkTz71S1GWY66O+y+7siM/FZzutfqRxFcKRXFt+8dsX25XYarQ==", "contact"=>{"name"=>"", "email"=>"", "content"=>""}, "commit"=>"Create Contact"}
  [1m[35m (0.2ms)[0m  [1m[35mBEGIN[0m
  ↳ app/controllers/contacts_controller.rb:15
  [1m[35m (1.7ms)[0m  [1m[31mROLLBACK[0m
  ↳ app/controllers/contacts_controller.rb:15
  [1m[35m (0.2ms)[0m  [1m[35mBEGIN[0m
  ↳ app/controllers/contacts_controller.rb:7
  [1m[35m (0.2ms)[0m  [1m[31mROLLBACK[0m
  ↳ app/controllers/contacts_controller.rb:7
  Rendering contacts/new.html.erb within layouts/application
  Rendered contacts/new.html.erb within layouts/application (4.5ms)
Completed 200 OK in 36ms (Views: 26.7ms | ActiveRecord: 2.3ms)


Started GET "/contacts" for ::1 at 2020-03-26 23:07:49 +0900
  
AbstractController::ActionNotFound (The action 'index' could not be found for ContactsController):
  
actionpack (5.2.4.2) lib/abstract_controller/base.rb:129:in `process'
actionview (5.2.4.2) lib/action_view/rendering.rb:32:in `process'
actionpack (5.2.4.2) lib/action_controller/metal.rb:191:in `dispatch'
actionpack (5.2.4.2) lib/action_controller/metal.rb:252:in `dispatch'
actionpack (5.2.4.2) lib/action_dispatch/routing/route_set.rb:52:in `dispatch'
actionpack (5.2.4.2) lib/action_dispatch/routing/route_set.rb:34:in `serve'
actionpack (5.2.4.2) lib/action_dispatch/journey/router.rb:52:in `block in serve'
actionpack (5.2.4.2) lib/action_dispatch/journey/router.rb:35:in `each'
actionpack (5.2.4.2) lib/action_dispatch/journey/router.rb:35:in `serve'
actionpack (5.2.4.2) lib/action_dispatch/routing/route_set.rb:840:in `call'
rack (2.2.2) lib/rack/tempfile_reaper.rb:15:in `call'
rack (2.2.2) lib/rack/etag.rb:27:in `call'
rack (2.2.2) lib/rack/conditional_get.rb:27:in `call'
rack (2.2.2) lib/rack/head.rb:12:in `call'
actionpack (5.2.4.2) lib/action_dispatch/http/content_security_policy.rb:18:in `call'
rack (2.2.2) lib/rack/session/abstract/id.rb:266:in `context'
rack (2.2.2) lib/rack/session/abstract/id.rb:260:in `call'
actionpack (5.2.4.2) lib/action_dispatch/middleware/cookies.rb:670:in `call'
activerecord (5.2.4.2) lib/active_record/migration.rb:559:in `call'
actionpack (5.2.4.2) lib/action_dispatch/middleware/callbacks.rb:28:in `block in call'
activesupport (5.2.4.2) lib/active_support/callbacks.rb:98:in `run_callbacks'
actionpack (5.2.4.2) lib/action_dispatch/middleware/callbacks.rb:26:in `call'
actionpack (5.2.4.2) lib/action_dispatch/middleware/executor.rb:14:in `call'
actionpack (5.2.4.2) lib/action_dispatch/middleware/debug_exceptions.rb:61:in `call'
web-console (3.7.0) lib/web_console/middleware.rb:135:in `call_app'
web-console (3.7.0) lib/web_console/middleware.rb:30:in `block in call'
web-console (3.7.0) lib/web_console/middleware.rb:20:in `catch'
web-console (3.7.0) lib/web_console/middleware.rb:20:in `call'
actionpack (5.2.4.2) lib/action_dispatch/middleware/show_exceptions.rb:33:in `call'
railties (5.2.4.2) lib/rails/rack/logger.rb:38:in `call_app'
railties (5.2.4.2) lib/rails/rack/logger.rb:26:in `block in call'
activesupport (5.2.4.2) lib/active_support/tagged_logging.rb:71:in `block in tagged'
activesupport (5.2.4.2) lib/active_support/tagged_logging.rb:28:in `tagged'
activesupport (5.2.4.2) lib/active_support/tagged_logging.rb:71:in `tagged'
railties (5.2.4.2) lib/rails/rack/logger.rb:26:in `call'
sprockets-rails (3.2.1) lib/sprockets/rails/quiet_assets.rb:13:in `call'
actionpack (5.2.4.2) lib/action_dispatch/middleware/remote_ip.rb:81:in `call'
actionpack (5.2.4.2) lib/action_dispatch/middleware/request_id.rb:27:in `call'
rack (2.2.2) lib/rack/method_override.rb:24:in `call'
rack (2.2.2) lib/rack/runtime.rb:22:in `call'
activesupport (5.2.4.2) lib/active_support/cache/strategy/local_cache_middleware.rb:29:in `call'
actionpack (5.2.4.2) lib/action_dispatch/middleware/executor.rb:14:in `call'
actionpack (5.2.4.2) lib/action_dispatch/middleware/static.rb:127:in `call'
rack (2.2.2) lib/rack/sendfile.rb:110:in `call'
railties (5.2.4.2) lib/rails/engine.rb:524:in `call'
puma (3.12.4) lib/puma/configuration.rb:227:in `call'
puma (3.12.4) lib/puma/server.rb:675:in `handle_request'
puma (3.12.4) lib/puma/server.rb:476:in `process_client'
puma (3.12.4) lib/puma/server.rb:334:in `block in run'
puma (3.12.4) lib/puma/thread_pool.rb:135:in `block in spawn_thread'
Started POST "/contacts" for ::1 at 2020-03-26 23:07:55 +0900
Processing by ContactsController#create as HTML
  Parameters: {"utf8"=>"✓", "authenticity_token"=>"NZcIweGYAe1Ycn7ADf6W5T0KqXp8xJMC9gHKCMqRbT1ESO/Ox4riu/yDNerEuyUx0uV7bfTl1QIba2JQaxSYxA==", "contact"=>{"name"=>"", "email"=>"", "content"=>""}, "commit"=>"Create Contact"}
  [1m[35m (0.3ms)[0m  [1m[35mBEGIN[0m
  ↳ app/controllers/contacts_controller.rb:15
  [1m[35m (0.4ms)[0m  [1m[31mROLLBACK[0m
  ↳ app/controllers/contacts_controller.rb:15
  [1m[35m (0.2ms)[0m  [1m[35mBEGIN[0m
  ↳ app/controllers/contacts_controller.rb:7
  [1m[35m (0.3ms)[0m  [1m[31mROLLBACK[0m
  ↳ app/controllers/contacts_controller.rb:7
  Rendering contacts/new.html.erb within layouts/application
  Rendered contacts/new.html.erb within layouts/application (4.0ms)
Completed 200 OK in 72ms (Views: 63.3ms | ActiveRecord: 1.1ms)


Started GET "/contacts" for ::1 at 2020-03-26 23:07:57 +0900
  
AbstractController::ActionNotFound (The action 'index' could not be found for ContactsController):
  
actionpack (5.2.4.2) lib/abstract_controller/base.rb:129:in `process'
actionview (5.2.4.2) lib/action_view/rendering.rb:32:in `process'
actionpack (5.2.4.2) lib/action_controller/metal.rb:191:in `dispatch'
actionpack (5.2.4.2) lib/action_controller/metal.rb:252:in `dispatch'
actionpack (5.2.4.2) lib/action_dispatch/routing/route_set.rb:52:in `dispatch'
actionpack (5.2.4.2) lib/action_dispatch/routing/route_set.rb:34:in `serve'
actionpack (5.2.4.2) lib/action_dispatch/journey/router.rb:52:in `block in serve'
actionpack (5.2.4.2) lib/action_dispatch/journey/router.rb:35:in `each'
actionpack (5.2.4.2) lib/action_dispatch/journey/router.rb:35:in `serve'
actionpack (5.2.4.2) lib/action_dispatch/routing/route_set.rb:840:in `call'
rack (2.2.2) lib/rack/tempfile_reaper.rb:15:in `call'
rack (2.2.2) lib/rack/etag.rb:27:in `call'
rack (2.2.2) lib/rack/conditional_get.rb:27:in `call'
rack (2.2.2) lib/rack/head.rb:12:in `call'
actionpack (5.2.4.2) lib/action_dispatch/http/content_security_policy.rb:18:in `call'
rack (2.2.2) lib/rack/session/abstract/id.rb:266:in `context'
rack (2.2.2) lib/rack/session/abstract/id.rb:260:in `call'
actionpack (5.2.4.2) lib/action_dispatch/middleware/cookies.rb:670:in `call'
activerecord (5.2.4.2) lib/active_record/migration.rb:559:in `call'
actionpack (5.2.4.2) lib/action_dispatch/middleware/callbacks.rb:28:in `block in call'
activesupport (5.2.4.2) lib/active_support/callbacks.rb:98:in `run_callbacks'
actionpack (5.2.4.2) lib/action_dispatch/middleware/callbacks.rb:26:in `call'
actionpack (5.2.4.2) lib/action_dispatch/middleware/executor.rb:14:in `call'
actionpack (5.2.4.2) lib/action_dispatch/middleware/debug_exceptions.rb:61:in `call'
web-console (3.7.0) lib/web_console/middleware.rb:135:in `call_app'
web-console (3.7.0) lib/web_console/middleware.rb:30:in `block in call'
web-console (3.7.0) lib/web_console/middleware.rb:20:in `catch'
web-console (3.7.0) lib/web_console/middleware.rb:20:in `call'
actionpack (5.2.4.2) lib/action_dispatch/middleware/show_exceptions.rb:33:in `call'
railties (5.2.4.2) lib/rails/rack/logger.rb:38:in `call_app'
railties (5.2.4.2) lib/rails/rack/logger.rb:26:in `block in call'
activesupport (5.2.4.2) lib/active_support/tagged_logging.rb:71:in `block in tagged'
activesupport (5.2.4.2) lib/active_support/tagged_logging.rb:28:in `tagged'
activesupport (5.2.4.2) lib/active_support/tagged_logging.rb:71:in `tagged'
railties (5.2.4.2) lib/rails/rack/logger.rb:26:in `call'
sprockets-rails (3.2.1) lib/sprockets/rails/quiet_assets.rb:13:in `call'
actionpack (5.2.4.2) lib/action_dispatch/middleware/remote_ip.rb:81:in `call'
actionpack (5.2.4.2) lib/action_dispatch/middleware/request_id.rb:27:in `call'
rack (2.2.2) lib/rack/method_override.rb:24:in `call'
rack (2.2.2) lib/rack/runtime.rb:22:in `call'
activesupport (5.2.4.2) lib/active_support/cache/strategy/local_cache_middleware.rb:29:in `call'
actionpack (5.2.4.2) lib/action_dispatch/middleware/executor.rb:14:in `call'
actionpack (5.2.4.2) lib/action_dispatch/middleware/static.rb:127:in `call'
rack (2.2.2) lib/rack/sendfile.rb:110:in `call'
railties (5.2.4.2) lib/rails/engine.rb:524:in `call'
puma (3.12.4) lib/puma/configuration.rb:227:in `call'
puma (3.12.4) lib/puma/server.rb:675:in `handle_request'
puma (3.12.4) lib/puma/server.rb:476:in `process_client'
puma (3.12.4) lib/puma/server.rb:334:in `block in run'
puma (3.12.4) lib/puma/thread_pool.rb:135:in `block in spawn_thread'
Started GET "/contacts/new" for ::1 at 2020-03-26 23:08:00 +0900
Processing by ContactsController#new as HTML
  Rendering contacts/new.html.erb within layouts/application
  Rendered contacts/new.html.erb within layouts/application (2.3ms)
Completed 200 OK in 15ms (Views: 14.3ms | ActiveRecord: 0.0ms)


Started GET "/contacts/new" for ::1 at 2020-03-26 23:08:02 +0900
Processing by ContactsController#new as HTML
  Rendering contacts/new.html.erb within layouts/application
  Rendered contacts/new.html.erb within layouts/application (2.5ms)
Completed 200 OK in 43ms (Views: 41.2ms | ActiveRecord: 0.0ms)


Started POST "/contacts" for ::1 at 2020-03-26 23:08:03 +0900
Processing by ContactsController#create as HTML
  Parameters: {"utf8"=>"✓", "authenticity_token"=>"78sgnak/qulp2Ro5GTHUm7pvAzIQ+bDEISdYAGstBomeFMeSjy1Jv80oURPQdGdPVYDRJZjY9sTMTfBYyqjzcA==", "contact"=>{"name"=>"", "email"=>"", "content"=>""}, "commit"=>"Create Contact"}
  [1m[35m (0.9ms)[0m  [1m[35mBEGIN[0m
  ↳ app/controllers/contacts_controller.rb:15
  [1m[35m (0.2ms)[0m  [1m[31mROLLBACK[0m
  ↳ app/controllers/contacts_controller.rb:15
  [1m[35m (0.2ms)[0m  [1m[35mBEGIN[0m
  ↳ app/controllers/contacts_controller.rb:7
  [1m[35m (0.5ms)[0m  [1m[31mROLLBACK[0m
  ↳ app/controllers/contacts_controller.rb:7
  Rendering contacts/new.html.erb within layouts/application
  Rendered contacts/new.html.erb within layouts/application (3.4ms)
Completed 200 OK in 32ms (Views: 23.2ms | ActiveRecord: 1.8ms)


Started GET "/contacts/new" for ::1 at 2020-03-26 23:50:16 +0900
Processing by ContactsController#new as HTML
  Rendering contacts/new.html.erb within layouts/application
  Rendered contacts/new.html.erb within layouts/application (2.3ms)
Completed 200 OK in 45ms (Views: 43.2ms | ActiveRecord: 0.0ms)


Started GET "/contacts/new" for ::1 at 2020-03-26 23:50:36 +0900
Processing by ContactsController#new as HTML
  Rendering contacts/new.html.erb within layouts/application
  Rendered contacts/new.html.erb within layouts/application (3.4ms)
Completed 200 OK in 23ms (Views: 20.7ms | ActiveRecord: 0.0ms)


Started GET "/contacts/new" for ::1 at 2020-03-26 23:51:02 +0900
Processing by ContactsController#new as HTML
  Rendering contacts/new.html.erb within layouts/application
  Rendered contacts/new.html.erb within layouts/application (3.6ms)
Completed 200 OK in 21ms (Views: 19.1ms | ActiveRecord: 0.0ms)


Started POST "/contacts" for ::1 at 2020-03-26 23:51:04 +0900
Processing by ContactsController#create as HTML
  Parameters: {"utf8"=>"✓", "authenticity_token"=>"aAiY7FiCNyV0DkaMwvtqYYt8UZuEmNyKkVJTKdhy+k4Z13/jfpDUc9D/DaYLvtm1ZJODjAy5mop8OPtxefcPtw==", "contact"=>{"name"=>"", "email"=>"", "content"=>""}, "commit"=>"Create Contact"}
  [1m[35m (0.9ms)[0m  [1m[35mBEGIN[0m
  ↳ app/controllers/contacts_controller.rb:15
  [1m[35m (0.2ms)[0m  [1m[31mROLLBACK[0m
  ↳ app/controllers/contacts_controller.rb:15
  [1m[35m (0.2ms)[0m  [1m[35mBEGIN[0m
  ↳ app/controllers/contacts_controller.rb:7
  [1m[35m (0.9ms)[0m  [1m[31mROLLBACK[0m
  ↳ app/controllers/contacts_controller.rb:7
  Rendering contacts/new.html.erb within layouts/application
  Rendered contacts/new.html.erb within layouts/application (2.9ms)
Completed 200 OK in 31ms (Views: 21.5ms | ActiveRecord: 2.2ms)


